This is pdfTeX, Version 3.141592653-2.6-1.40.25 (TeX Live 2023) (preloaded format=pdflatex 2024.1.3)  29 JAN 2024 21:47
entering extended mode
 restricted \write18 enabled.
 file:line:error style messages enabled.
 %&-line parsing enabled.
**main.tex
(C:/Users/anisu/Music/ncert-signal/main.tex
LaTeX2e <2023-11-01>
L3 programming layer <2023-12-11>
(c:/texlive/2023/texmf-dist/tex/latex/base/book.cls
Document Class: book 2023/05/17 v1.4n Standard LaTeX document class
(c:/texlive/2023/texmf-dist/tex/latex/base/bk11.clo
File: bk11.clo 2023/05/17 v1.4n Standard LaTeX file (size option)
)
\c@part=\count187
\c@chapter=\count188
\c@section=\count189
\c@subsection=\count190
\c@subsubsection=\count191
\c@paragraph=\count192
\c@subparagraph=\count193
\c@figure=\count194
\c@table=\count195
\abovecaptionskip=\skip48
\belowcaptionskip=\skip49
\bibindent=\dimen140
)
(C:/Users/anisu/Music/ncert-signal/gvv-book.sty
(c:/texlive/2023/texmf-dist/tex/latex/geometry/geometry.sty
Package: geometry 2020/01/02 v5.9 Page Geometry

(c:/texlive/2023/texmf-dist/tex/latex/graphics/keyval.sty
Package: keyval 2022/05/29 v1.15 key=value parser (DPC)
\KV@toks@=\toks17
)
(c:/texlive/2023/texmf-dist/tex/generic/iftex/ifvtex.sty
Package: ifvtex 2019/10/25 v1.7 ifvtex legacy package. Use iftex instead.

(c:/texlive/2023/texmf-dist/tex/generic/iftex/iftex.sty
Package: iftex 2022/02/03 v1.0f TeX engine tests
))
\Gm@cnth=\count196
\Gm@cntv=\count197
\c@Gm@tempcnt=\count198
\Gm@bindingoffset=\dimen141
\Gm@wd@mp=\dimen142
\Gm@odd@mp=\dimen143
\Gm@even@mp=\dimen144
\Gm@layoutwidth=\dimen145
\Gm@layoutheight=\dimen146
\Gm@layouthoffset=\dimen147
\Gm@layoutvoffset=\dimen148
\Gm@dimlist=\toks18
)
(c:/texlive/2023/texmf-dist/tex/latex/lipsum/lipsum.sty
(c:/texlive/2023/texmf-dist/tex/latex/l3packages/l3keys2e/l3keys2e.sty
(c:/texlive/2023/texmf-dist/tex/latex/l3kernel/expl3.sty
Package: expl3 2023-12-11 L3 programming layer (loader) 

(c:/texlive/2023/texmf-dist/tex/latex/l3backend/l3backend-pdftex.def
File: l3backend-pdftex.def 2023-11-09 L3 backend support: PDF output (pdfTeX)
\l__color_backend_stack_int=\count199
\l__pdf_internal_box=\box51
))
Package: l3keys2e 2023-10-10 LaTeX2e option processing using LaTeX3 keys
)
Package: lipsum 2021-09-20 v2.7 150 paragraphs of Lorem Ipsum dummy text
\g__lipsum_par_int=\count266
\l__lipsum_a_int=\count267
\l__lipsum_b_int=\count268

(c:/texlive/2023/texmf-dist/tex/latex/lipsum/lipsum.ltd.tex))
(c:/texlive/2023/texmf-dist/tex/generic/ulem/ulem.sty
\UL@box=\box52
\UL@hyphenbox=\box53
\UL@skip=\skip50
\UL@hook=\toks19
\UL@height=\dimen149
\UL@pe=\count269
\UL@pixel=\dimen150
\ULC@box=\box54
Package: ulem 2019/11/18
\ULdepth=\dimen151
)
(c:/texlive/2023/texmf-dist/tex/latex/base/alltt.sty
Package: alltt 2021/01/29 v2.0g defines alltt environment
)
(c:/texlive/2023/texmf-dist/tex/latex/graphics/rotating.sty
Package: rotating 2016/08/11 v2.16d rotated objects in LaTeX

(c:/texlive/2023/texmf-dist/tex/latex/graphics/graphicx.sty
Package: graphicx 2021/09/16 v1.2d Enhanced LaTeX Graphics (DPC,SPQR)

(c:/texlive/2023/texmf-dist/tex/latex/graphics/graphics.sty
Package: graphics 2022/03/10 v1.4e Standard LaTeX Graphics (DPC,SPQR)

(c:/texlive/2023/texmf-dist/tex/latex/graphics/trig.sty
Package: trig 2021/08/11 v1.11 sin cos tan (DPC)
)
(c:/texlive/2023/texmf-dist/tex/latex/graphics-cfg/graphics.cfg
File: graphics.cfg 2016/06/04 v1.11 sample graphics configuration
)
Package graphics Info: Driver file: pdftex.def on input line 107.

(c:/texlive/2023/texmf-dist/tex/latex/graphics-def/pdftex.def
File: pdftex.def 2022/09/22 v1.2b Graphics/color driver for pdftex
))
\Gin@req@height=\dimen152
\Gin@req@width=\dimen153
)
(c:/texlive/2023/texmf-dist/tex/latex/base/ifthen.sty
Package: ifthen 2022/04/13 v1.1d Standard LaTeX ifthen package (DPC)
)
\c@r@tfl@t=\count270
\rotFPtop=\skip51
\rotFPbot=\skip52
\rot@float@box=\box55
\rot@mess@toks=\toks20
)
(c:/texlive/2023/texmf-dist/tex/latex/pstricks/pstricks.sty
Package: pstricks 2023/11/06 v0.74 LaTeX wrapper for `PSTricks' (RN,HV)

(c:/texlive/2023/texmf-dist/tex/latex/xcolor/xcolor.sty
Package: xcolor 2023/11/15 v3.01 LaTeX color extensions (UK)

(c:/texlive/2023/texmf-dist/tex/latex/graphics-cfg/color.cfg
File: color.cfg 2016/01/02 v1.6 sample color configuration
)
Package xcolor Info: Driver file: pdftex.def on input line 274.

(c:/texlive/2023/texmf-dist/tex/latex/graphics/mathcolor.ltx)
Package xcolor Info: Model `cmy' substituted by `cmy0' on input line 1350.
Package xcolor Info: Model `hsb' substituted by `rgb' on input line 1354.
Package xcolor Info: Model `RGB' extended on input line 1366.
Package xcolor Info: Model `HTML' substituted by `rgb' on input line 1368.
Package xcolor Info: Model `Hsb' substituted by `hsb' on input line 1369.
Package xcolor Info: Model `tHsb' substituted by `hsb' on input line 1370.
Package xcolor Info: Model `HSB' substituted by `hsb' on input line 1371.
Package xcolor Info: Model `Gray' substituted by `gray' on input line 1372.
Package xcolor Info: Model `wave' substituted by `hsb' on input line 1373.
)
(c:/texlive/2023/texmf-dist/tex/generic/xkeyval/pst-xkey.tex
File: pst-xkey.tex 2005/11/25 v1.6 PSTricks specialization of xkeyval (HA)

(c:/texlive/2023/texmf-dist/tex/latex/xkeyval/xkeyval.sty
Package: xkeyval 2022/06/16 v2.9 package option processing (HA)

(c:/texlive/2023/texmf-dist/tex/generic/xkeyval/xkeyval.tex
(c:/texlive/2023/texmf-dist/tex/generic/xkeyval/xkvutils.tex
\XKV@toks=\toks21
\XKV@tempa@toks=\toks22
)
\XKV@depth=\count271
File: xkeyval.tex 2014/12/03 v2.7a key=value parser (HA)
)))
(c:/texlive/2023/texmf-dist/tex/generic/pstricks/pstricks.tex
(c:/texlive/2023/texmf-dist/tex/generic/pstricks/pst-fp.tex
`pst-fp' v0.06, 2020/11/20 (hv)
\pstFP@xs=\count272
\pstFP@xia=\count273
\pstFP@xib=\count274
\pstFP@xfa=\count275
\pstFP@xfb=\count276
\pstFP@rega=\count277
\pstFP@regb=\count278
\pstFP@regs=\count279
\pstFP@times=\count280
)
(c:/texlive/2023/texmf-dist/tex/latex/pgf/utilities/pgffor.sty
(c:/texlive/2023/texmf-dist/tex/latex/pgf/utilities/pgfrcs.sty
(c:/texlive/2023/texmf-dist/tex/generic/pgf/utilities/pgfutil-common.tex
\pgfutil@everybye=\toks23
\pgfutil@tempdima=\dimen154
\pgfutil@tempdimb=\dimen155
)
(c:/texlive/2023/texmf-dist/tex/generic/pgf/utilities/pgfutil-latex.def
\pgfutil@abb=\box56
)
(c:/texlive/2023/texmf-dist/tex/generic/pgf/utilities/pgfrcs.code.tex
(c:/texlive/2023/texmf-dist/tex/generic/pgf/pgf.revision.tex)
Package: pgfrcs 2023-01-15 v3.1.10 (3.1.10)
))
(c:/texlive/2023/texmf-dist/tex/latex/pgf/utilities/pgfkeys.sty
(c:/texlive/2023/texmf-dist/tex/generic/pgf/utilities/pgfkeys.code.tex
\pgfkeys@pathtoks=\toks24
\pgfkeys@temptoks=\toks25

(c:/texlive/2023/texmf-dist/tex/generic/pgf/utilities/pgfkeyslibraryfiltered.co
de.tex
\pgfkeys@tmptoks=\toks26
))) (c:/texlive/2023/texmf-dist/tex/latex/pgf/math/pgfmath.sty
(c:/texlive/2023/texmf-dist/tex/generic/pgf/math/pgfmath.code.tex
(c:/texlive/2023/texmf-dist/tex/generic/pgf/math/pgfmathutil.code.tex
\pgf@x=\dimen156
\pgf@xa=\dimen157
\pgf@xb=\dimen158
\pgf@xc=\dimen159
\pgf@y=\dimen160
\pgf@ya=\dimen161
\pgf@yb=\dimen162
\pgf@yc=\dimen163
\c@pgf@counta=\count281
\c@pgf@countb=\count282
\c@pgf@countc=\count283
\c@pgf@countd=\count284
)
(c:/texlive/2023/texmf-dist/tex/generic/pgf/math/pgfmathparser.code.tex
\pgfmath@dimen=\dimen164
\pgfmath@count=\count285
\pgfmath@box=\box57
\pgfmath@toks=\toks27
\pgfmath@stack@operand=\toks28
\pgfmath@stack@operation=\toks29
)
(c:/texlive/2023/texmf-dist/tex/generic/pgf/math/pgfmathfunctions.code.tex)
(c:/texlive/2023/texmf-dist/tex/generic/pgf/math/pgfmathfunctions.basic.code.te
x)
(c:/texlive/2023/texmf-dist/tex/generic/pgf/math/pgfmathfunctions.trigonometric
.code.tex)
(c:/texlive/2023/texmf-dist/tex/generic/pgf/math/pgfmathfunctions.random.code.t
ex)
(c:/texlive/2023/texmf-dist/tex/generic/pgf/math/pgfmathfunctions.comparison.co
de.tex)
(c:/texlive/2023/texmf-dist/tex/generic/pgf/math/pgfmathfunctions.base.code.tex
)
(c:/texlive/2023/texmf-dist/tex/generic/pgf/math/pgfmathfunctions.round.code.te
x)
(c:/texlive/2023/texmf-dist/tex/generic/pgf/math/pgfmathfunctions.misc.code.tex
)
(c:/texlive/2023/texmf-dist/tex/generic/pgf/math/pgfmathfunctions.integerarithm
etics.code.tex)
(c:/texlive/2023/texmf-dist/tex/generic/pgf/math/pgfmathcalc.code.tex)
(c:/texlive/2023/texmf-dist/tex/generic/pgf/math/pgfmathfloat.code.tex
\c@pgfmathroundto@lastzeros=\count286
)))
(c:/texlive/2023/texmf-dist/tex/generic/pgf/utilities/pgffor.code.tex
Package: pgffor 2023-01-15 v3.1.10 (3.1.10)
\pgffor@iter=\dimen165
\pgffor@skip=\dimen166
\pgffor@stack=\toks30
\pgffor@toks=\toks31
))
\psLoopIndex=\count287

`PSTricks' v3.19b  <2023/11/06> (tvz,hv)
\pst@dima=\dimen167
\pst@dimb=\dimen168
\pst@dimc=\dimen169
\pst@dimd=\dimen170
\pst@dimg=\dimen171
\pst@dimh=\dimen172
\pst@dimm=\dimen173
\pst@dimn=\dimen174
\pst@dimo=\dimen175
\pst@dimp=\dimen176
\pst@hbox=\box58
\pst@ibox=\box59
\pst@boxg=\box60
\pst@cnta=\count288
\pst@cntb=\count289
\pst@cntc=\count290
\pst@cntd=\count291
\pst@cntg=\count292
\pst@cnth=\count293
\pst@cntm=\count294
\pst@cntn=\count295
\pst@cnto=\count296
\pst@cntp=\count297
\@zero=\count298
\pst@toks=\toks32
--- We are running latex or xelatex ---
(c:/texlive/2023/texmf-dist/tex/generic/pstricks/pstricks.con)
(c:/texlive/2023/texmf-dist/tex/generic/pstricks/pstricks-color.tex)
\psunit=\dimen177
\psxunit=\dimen178
\psyunit=\dimen179
\pst@C@@rType=\count299
\pslinewidth=\dimen180
\psk@startLW=\dimen181
\psk@endLW=\dimen182

(c:/texlive/2023/texmf-dist/tex/generic/pstricks/pstricks-arrows.tex
\pshooklength=\dimen183
\pshookwidth=\dimen184
)
\pst@customdefs=\toks33

(c:/texlive/2023/texmf-dist/tex/generic/pstricks/pstricks-dots.tex)
\pslinearc=\dimen185
\pst@symbolStep=\dimen186
\pst@symbolWidth=\dimen187
\pst@symbolLinewidth=\dimen188
\everypsbox=\toks34
\psframesep=\dimen189
\pslabelsep=\dimen190
\sh@wgridXunit=\dimen191
\sh@wgridYunit=\dimen192
\pst@shift=\dimen193
\ps@imagectr=\count300

(c:/texlive/2023/texmf-dist/tex/generic/pstricks/pstricks.con))
File: pstricks.tex 2023/11/06 v3.19b `PSTricks' (tvz,hv)

(c:/texlive/2023/texmf-dist/tex/generic/pstricks/pst-fp.tex
`pst-fp' v0.06, 2020/11/20 (hv))
File: pst-fp.tex 2020/11/20 v0.06 `PST-fp' (hv)
)
(c:/texlive/2023/texmf-dist/tex/latex/wrapfig/wrapfig.sty
\wrapoverhang=\dimen194
\WF@size=\dimen195
\c@WF@wrappedlines=\count301
\WF@box=\box61
\WF@everypar=\toks35
Package: wrapfig 2003/01/31  v 3.6
)
(c:/texlive/2023/texmf-dist/tex/latex/pstricks/pstcol.sty
Package: pstcol 2007/04/11 v1.3 LaTeX wrapper for `PSTricks' (RN,HV)


Package pstcol Warning: ************************************ 
(pstcol)                The package `pstcol' is obsolet! 
(pstcol)                You should use `pstricks' directly: 
(pstcol)                    \usepackage{pstricks}
(pstcol)                ************************************.

) (c:/texlive/2023/texmf-dist/tex/latex/pst-grad/pst-grad.sty
Package: pst-grad 2004/07/15 package wrapper for pst-grad.tex (hv)

(c:/texlive/2023/texmf-dist/tex/generic/pst-grad/pst-grad.tex
`pst-grad' v1.06, 2006/11/27 (tvz,dg,hv))
File: pst-grad.tex 2006/11/27 1.06 `pst-grad' (tvz)
)
(c:/texlive/2023/texmf-dist/tex/latex/tools/bm.sty
Package: bm 2023/07/08 v1.2f Bold Symbol Support (DPC/FMi)
\symboldoperators=\mathgroup4
\symboldletters=\mathgroup5
\symboldsymbols=\mathgroup6
Package bm Info: No bold for \OMX/cmex/m/n, using \pmb.
LaTeX Font Info:    Redeclaring math alphabet \mathbf on input line 149.
)
(c:/texlive/2023/texmf-dist/tex/latex/enumitem/enumitem.sty
Package: enumitem 2019/06/20 v3.9 Customized lists
\labelindent=\skip53
\enit@outerparindent=\dimen196
\enit@toks=\toks36
\enit@inbox=\box62
\enit@count@id=\count302
\enitdp@description=\count303
)
(c:/texlive/2023/texmf-dist/tex/latex/listings/listings.sty
\lst@mode=\count304
\lst@gtempboxa=\box63
\lst@token=\toks37
\lst@length=\count305
\lst@currlwidth=\dimen197
\lst@column=\count306
\lst@pos=\count307
\lst@lostspace=\dimen198
\lst@width=\dimen199
\lst@newlines=\count308
\lst@lineno=\count309
\lst@maxwidth=\dimen256

(c:/texlive/2023/texmf-dist/tex/latex/listings/lstmisc.sty
File: lstmisc.sty 2023/02/27 1.9 (Carsten Heinz)
\c@lstnumber=\count310
\lst@skipnumbers=\count311
\lst@framebox=\box64
)
(c:/texlive/2023/texmf-dist/tex/latex/listings/listings.cfg
File: listings.cfg 2023/02/27 1.9 listings configuration
))
Package: listings 2023/02/27 1.9 (Carsten Heinz)

(c:/texlive/2023/texmf-dist/tex/latex/tools/array.sty
Package: array 2023/10/16 v2.5g Tabular extension package (FMi)
\col@sep=\dimen257
\ar@mcellbox=\box65
\extrarowheight=\dimen258
\NC@list=\toks38
\extratabsurround=\skip54
\backup@length=\skip55
\ar@cellbox=\box66
)
(c:/texlive/2023/texmf-dist/tex/latex/tools/longtable.sty
Package: longtable 2023-11-01 v4.19 Multi-page Table package (DPC)
\LTleft=\skip56
\LTright=\skip57
\LTpre=\skip58
\LTpost=\skip59
\LTchunksize=\count312
\LTcapwidth=\dimen259
\LT@head=\box67
\LT@firsthead=\box68
\LT@foot=\box69
\LT@lastfoot=\box70
\LT@gbox=\box71
\LT@cols=\count313
\LT@rows=\count314
\c@LT@tables=\count315
\c@LT@chunks=\count316
\LT@p@ftn=\toks39
)
(c:/texlive/2023/texmf-dist/tex/latex/tools/calc.sty
Package: calc 2023/07/08 v4.3 Infix arithmetic (KKT,FJ)
\calc@Acount=\count317
\calc@Bcount=\count318
\calc@Adimen=\dimen260
\calc@Bdimen=\dimen261
\calc@Askip=\skip60
\calc@Bskip=\skip61
LaTeX Info: Redefining \setlength on input line 80.
LaTeX Info: Redefining \addtolength on input line 81.
\calc@Ccount=\count319
\calc@Cskip=\skip62
)
(c:/texlive/2023/texmf-dist/tex/latex/multirow/multirow.sty
Package: multirow 2021/03/15 v2.8 Span multiple rows of a table
\multirow@colwidth=\skip63
\multirow@cntb=\count320
\multirow@dima=\skip64
\bigstrutjot=\dimen262
)
(c:/texlive/2023/texmf-dist/tex/latex/l3packages/xparse/xparse.sty
Package: xparse 2023-10-10 L3 Experimental document command parser
)
(c:/texlive/2023/texmf-dist/tex/latex/import/import.sty
Package: import 2020/04/01  v 6.2
)
(c:/texlive/2023/texmf-dist/tex/latex/tools/hhline.sty
Package: hhline 2020/01/04 v2.04 Table rule package (DPC)
)
(c:/texlive/2023/texmf-dist/tex/latex/circuitikz/circuitikz.sty
Package: circuitikz 2023/12/09{} The CircuiTikz circuit drawing package version
 1.6.6

(c:/texlive/2023/texmf-dist/tex/latex/pgf/frontendlayer/tikz.sty
(c:/texlive/2023/texmf-dist/tex/latex/pgf/basiclayer/pgf.sty
Package: pgf 2023-01-15 v3.1.10 (3.1.10)

(c:/texlive/2023/texmf-dist/tex/latex/pgf/basiclayer/pgfcore.sty
(c:/texlive/2023/texmf-dist/tex/latex/pgf/systemlayer/pgfsys.sty
(c:/texlive/2023/texmf-dist/tex/generic/pgf/systemlayer/pgfsys.code.tex
Package: pgfsys 2023-01-15 v3.1.10 (3.1.10)
\pgf@x=\dimen263
\pgf@y=\dimen264
\pgf@xa=\dimen265
\pgf@ya=\dimen266
\pgf@xb=\dimen267
\pgf@yb=\dimen268
\pgf@xc=\dimen269
\pgf@yc=\dimen270
\pgf@xd=\dimen271
\pgf@yd=\dimen272
\w@pgf@writea=\write3
\r@pgf@reada=\read2
\c@pgf@counta=\count321
\c@pgf@countb=\count322
\c@pgf@countc=\count323
\c@pgf@countd=\count324
\t@pgf@toka=\toks40
\t@pgf@tokb=\toks41
\t@pgf@tokc=\toks42
\pgf@sys@id@count=\count325

(c:/texlive/2023/texmf-dist/tex/generic/pgf/systemlayer/pgf.cfg
File: pgf.cfg 2023-01-15 v3.1.10 (3.1.10)
)
Driver file for pgf: pgfsys-pdftex.def

(c:/texlive/2023/texmf-dist/tex/generic/pgf/systemlayer/pgfsys-pdftex.def
File: pgfsys-pdftex.def 2023-01-15 v3.1.10 (3.1.10)

(c:/texlive/2023/texmf-dist/tex/generic/pgf/systemlayer/pgfsys-common-pdf.def
File: pgfsys-common-pdf.def 2023-01-15 v3.1.10 (3.1.10)
)))
(c:/texlive/2023/texmf-dist/tex/generic/pgf/systemlayer/pgfsyssoftpath.code.tex
File: pgfsyssoftpath.code.tex 2023-01-15 v3.1.10 (3.1.10)
\pgfsyssoftpath@smallbuffer@items=\count326
\pgfsyssoftpath@bigbuffer@items=\count327
)
(c:/texlive/2023/texmf-dist/tex/generic/pgf/systemlayer/pgfsysprotocol.code.tex
File: pgfsysprotocol.code.tex 2023-01-15 v3.1.10 (3.1.10)
)) (c:/texlive/2023/texmf-dist/tex/generic/pgf/basiclayer/pgfcore.code.tex
Package: pgfcore 2023-01-15 v3.1.10 (3.1.10)

(c:/texlive/2023/texmf-dist/tex/generic/pgf/math/pgfint.code.tex)
(c:/texlive/2023/texmf-dist/tex/generic/pgf/basiclayer/pgfcorepoints.code.tex
File: pgfcorepoints.code.tex 2023-01-15 v3.1.10 (3.1.10)
\pgf@picminx=\dimen273
\pgf@picmaxx=\dimen274
\pgf@picminy=\dimen275
\pgf@picmaxy=\dimen276
\pgf@pathminx=\dimen277
\pgf@pathmaxx=\dimen278
\pgf@pathminy=\dimen279
\pgf@pathmaxy=\dimen280
\pgf@xx=\dimen281
\pgf@xy=\dimen282
\pgf@yx=\dimen283
\pgf@yy=\dimen284
\pgf@zx=\dimen285
\pgf@zy=\dimen286
)
(c:/texlive/2023/texmf-dist/tex/generic/pgf/basiclayer/pgfcorepathconstruct.cod
e.tex
File: pgfcorepathconstruct.code.tex 2023-01-15 v3.1.10 (3.1.10)
\pgf@path@lastx=\dimen287
\pgf@path@lasty=\dimen288
)
(c:/texlive/2023/texmf-dist/tex/generic/pgf/basiclayer/pgfcorepathusage.code.te
x
File: pgfcorepathusage.code.tex 2023-01-15 v3.1.10 (3.1.10)
\pgf@shorten@end@additional=\dimen289
\pgf@shorten@start@additional=\dimen290
)
(c:/texlive/2023/texmf-dist/tex/generic/pgf/basiclayer/pgfcorescopes.code.tex
File: pgfcorescopes.code.tex 2023-01-15 v3.1.10 (3.1.10)
\pgfpic=\box72
\pgf@hbox=\box73
\pgf@layerbox@main=\box74
\pgf@picture@serial@count=\count328
)
(c:/texlive/2023/texmf-dist/tex/generic/pgf/basiclayer/pgfcoregraphicstate.code
.tex
File: pgfcoregraphicstate.code.tex 2023-01-15 v3.1.10 (3.1.10)
\pgflinewidth=\dimen291
)
(c:/texlive/2023/texmf-dist/tex/generic/pgf/basiclayer/pgfcoretransformations.c
ode.tex
File: pgfcoretransformations.code.tex 2023-01-15 v3.1.10 (3.1.10)
\pgf@pt@x=\dimen292
\pgf@pt@y=\dimen293
\pgf@pt@temp=\dimen294
)
(c:/texlive/2023/texmf-dist/tex/generic/pgf/basiclayer/pgfcorequick.code.tex
File: pgfcorequick.code.tex 2023-01-15 v3.1.10 (3.1.10)
)
(c:/texlive/2023/texmf-dist/tex/generic/pgf/basiclayer/pgfcoreobjects.code.tex
File: pgfcoreobjects.code.tex 2023-01-15 v3.1.10 (3.1.10)
)
(c:/texlive/2023/texmf-dist/tex/generic/pgf/basiclayer/pgfcorepathprocessing.co
de.tex
File: pgfcorepathprocessing.code.tex 2023-01-15 v3.1.10 (3.1.10)
)
(c:/texlive/2023/texmf-dist/tex/generic/pgf/basiclayer/pgfcorearrows.code.tex
File: pgfcorearrows.code.tex 2023-01-15 v3.1.10 (3.1.10)
\pgfarrowsep=\dimen295
)
(c:/texlive/2023/texmf-dist/tex/generic/pgf/basiclayer/pgfcoreshade.code.tex
File: pgfcoreshade.code.tex 2023-01-15 v3.1.10 (3.1.10)
\pgf@max=\dimen296
\pgf@sys@shading@range@num=\count329
\pgf@shadingcount=\count330
)
(c:/texlive/2023/texmf-dist/tex/generic/pgf/basiclayer/pgfcoreimage.code.tex
File: pgfcoreimage.code.tex 2023-01-15 v3.1.10 (3.1.10)
)
(c:/texlive/2023/texmf-dist/tex/generic/pgf/basiclayer/pgfcoreexternal.code.tex
File: pgfcoreexternal.code.tex 2023-01-15 v3.1.10 (3.1.10)
\pgfexternal@startupbox=\box75
) (c:/texlive/2023/texmf-dist/tex/generic/pgf/basiclayer/pgfcorelayers.code.tex
File: pgfcorelayers.code.tex 2023-01-15 v3.1.10 (3.1.10)
)
(c:/texlive/2023/texmf-dist/tex/generic/pgf/basiclayer/pgfcoretransparency.code
.tex
File: pgfcoretransparency.code.tex 2023-01-15 v3.1.10 (3.1.10)
)
(c:/texlive/2023/texmf-dist/tex/generic/pgf/basiclayer/pgfcorepatterns.code.tex
File: pgfcorepatterns.code.tex 2023-01-15 v3.1.10 (3.1.10)
) (c:/texlive/2023/texmf-dist/tex/generic/pgf/basiclayer/pgfcorerdf.code.tex
File: pgfcorerdf.code.tex 2023-01-15 v3.1.10 (3.1.10)
))) (c:/texlive/2023/texmf-dist/tex/generic/pgf/modules/pgfmoduleshapes.code.te
x
File: pgfmoduleshapes.code.tex 2023-01-15 v3.1.10 (3.1.10)
\pgfnodeparttextbox=\box76
)
(c:/texlive/2023/texmf-dist/tex/generic/pgf/modules/pgfmoduleplot.code.tex
File: pgfmoduleplot.code.tex 2023-01-15 v3.1.10 (3.1.10)
)
(c:/texlive/2023/texmf-dist/tex/latex/pgf/compatibility/pgfcomp-version-0-65.st
y
Package: pgfcomp-version-0-65 2023-01-15 v3.1.10 (3.1.10)
\pgf@nodesepstart=\dimen297
\pgf@nodesepend=\dimen298
)
(c:/texlive/2023/texmf-dist/tex/latex/pgf/compatibility/pgfcomp-version-1-18.st
y
Package: pgfcomp-version-1-18 2023-01-15 v3.1.10 (3.1.10)
))
(c:/texlive/2023/texmf-dist/tex/generic/pgf/frontendlayer/tikz/tikz.code.tex
Package: tikz 2023-01-15 v3.1.10 (3.1.10)

(c:/texlive/2023/texmf-dist/tex/generic/pgf/libraries/pgflibraryplothandlers.co
de.tex
File: pgflibraryplothandlers.code.tex 2023-01-15 v3.1.10 (3.1.10)
\pgf@plot@mark@count=\count331
\pgfplotmarksize=\dimen299
)
\tikz@lastx=\dimen300
\tikz@lasty=\dimen301
\tikz@lastxsaved=\dimen302
\tikz@lastysaved=\dimen303
\tikz@lastmovetox=\dimen304
\tikz@lastmovetoy=\dimen305
\tikzleveldistance=\dimen306
\tikzsiblingdistance=\dimen307
\tikz@figbox=\box77
\tikz@figbox@bg=\box78
\tikz@tempbox=\box79
\tikz@tempbox@bg=\box80
\tikztreelevel=\count332
\tikznumberofchildren=\count333
\tikznumberofcurrentchild=\count334
\tikz@fig@count=\count335

(c:/texlive/2023/texmf-dist/tex/generic/pgf/modules/pgfmodulematrix.code.tex
File: pgfmodulematrix.code.tex 2023-01-15 v3.1.10 (3.1.10)
\pgfmatrixcurrentrow=\count336
\pgfmatrixcurrentcolumn=\count337
\pgf@matrix@numberofcolumns=\count338
)
\tikz@expandcount=\count339

(c:/texlive/2023/texmf-dist/tex/generic/pgf/frontendlayer/tikz/libraries/tikzli
brarytopaths.code.tex
File: tikzlibrarytopaths.code.tex 2023-01-15 v3.1.10 (3.1.10)
)))
(c:/texlive/2023/texmf-dist/tex/generic/pgf/frontendlayer/tikz/libraries/tikzli
brarycalc.code.tex
File: tikzlibrarycalc.code.tex 2023-01-15 v3.1.10 (3.1.10)
)
(c:/texlive/2023/texmf-dist/tex/generic/pgf/libraries/pgflibraryarrows.meta.cod
e.tex
File: pgflibraryarrows.meta.code.tex 2023-01-15 v3.1.10 (3.1.10)
\pgfarrowinset=\dimen308
\pgfarrowlength=\dimen309
\pgfarrowwidth=\dimen310
\pgfarrowlinewidth=\dimen311
)
(c:/texlive/2023/texmf-dist/tex/generic/pgf/frontendlayer/tikz/libraries/tikzli
brarybending.code.tex
File: tikzlibrarybending.code.tex 2023-01-15 v3.1.10 (3.1.10)

(c:/texlive/2023/texmf-dist/tex/generic/pgf/modules/pgfmodulebending.code.tex
File: pgfmodulebending.code.tex 2023-01-15 v3.1.10 (3.1.10)

(c:/texlive/2023/texmf-dist/tex/generic/pgf/modules/pgfmodulenonlineartransform
ations.code.tex
File: pgfmodulenonlineartransformations.code.tex 2023-01-15 v3.1.10 (3.1.10)
\pgftransformnonlinearflatness=\dimen312
)
(c:/texlive/2023/texmf-dist/tex/generic/pgf/libraries/pgflibrarycurvilinear.cod
e.tex
File: pgflibrarycurvilinear.code.tex 2023-01-15 v3.1.10 (3.1.10)
\pgf@curvilinear@time@a=\dimen313
\pgf@curvilinear@length@a=\dimen314
\pgf@curvilinear@length@b=\dimen315
\pgf@curvilinear@length@c=\dimen316
\pgf@curvilinear@length@d=\dimen317
)
\pgf@arrows@the@rigidity=\dimen318
))
(c:/texlive/2023/texmf-dist/tex/generic/pgf/frontendlayer/tikz/libraries/tikzli
braryfpu.code.tex
(c:/texlive/2023/texmf-dist/tex/generic/pgf/libraries/pgflibraryfpu.code.tex))
(c:/texlive/2023/texmf-dist/tex/generic/circuitikz/pgfcirc.defines.tex
\pgf@circ@count@a=\count340
\pgf@circ@count@b=\count341
\pgf@circ@count@c=\count342
\pgf@circ@res@up=\dimen319
\pgf@circ@res@down=\dimen320
\pgf@circ@res@zero=\dimen321
\pgf@circ@res@left=\dimen322
\pgf@circ@res@right=\dimen323
\pgf@circ@res@other=\dimen324
\pgf@circ@res@step=\dimen325
\pgf@circ@res@temp=\dimen326
\pgf@circ@Rlen=\dimen327
\pgf@circ@scaled@Rlen=\dimen328
\pgfstartlinewidth=\dimen329
)
(c:/texlive/2023/texmf-dist/tex/generic/circuitikz/pgfcircutils.tex
\ctikz@scratchbox=\box81
)
(c:/texlive/2023/texmf-dist/tex/generic/circuitikz/pgfcircpath.tex)
(c:/texlive/2023/texmf-dist/tex/generic/circuitikz/pgfcircshapes.tex)
(c:/texlive/2023/texmf-dist/tex/generic/circuitikz/pgfcircmonopoles.tex)
(c:/texlive/2023/texmf-dist/tex/generic/circuitikz/pgfcircbipoles.tex)
(c:/texlive/2023/texmf-dist/tex/generic/circuitikz/pgfcirctripoles.tex
\pgf@circ@res@count=\count343
)
(c:/texlive/2023/texmf-dist/tex/generic/circuitikz/pgfcircquadpoles.tex)
(c:/texlive/2023/texmf-dist/tex/generic/circuitikz/pgfcircmultipoles.tex)
(c:/texlive/2023/texmf-dist/tex/generic/circuitikz/pgfcirclabel.tex)
(c:/texlive/2023/texmf-dist/tex/generic/circuitikz/pgfcircvoltage.tex
\pgfcirc@labelshift=\dimen330
)
(c:/texlive/2023/texmf-dist/tex/generic/circuitikz/pgfcirccurrent.tex)
(c:/texlive/2023/texmf-dist/tex/generic/circuitikz/pgfcircflow.tex))
(c:/texlive/2023/texmf-dist/tex/latex/graphics/lscape.sty
Package: lscape 2020/05/28 v3.02 Landscape Pages (DPC)
)
(c:/texlive/2023/texmf-dist/tex/latex/gensymb/gensymb.sty
Package: gensymb 2022/10/17 v1.0.2 (KJH)
)
(c:/texlive/2023/texmf-dist/tex/latex/pgfplots/pgfplots.sty
(c:/texlive/2023/texmf-dist/tex/generic/pgfplots/pgfplots.revision.tex)
Package: pgfplots 2021/05/15 v1.18.1 Data Visualization (1.18.1)

(c:/texlive/2023/texmf-dist/tex/generic/pgfplots/pgfplots.code.tex
(c:/texlive/2023/texmf-dist/tex/generic/pgfplots/pgfplotscore.code.tex
\t@pgfplots@toka=\toks43
\t@pgfplots@tokb=\toks44
\t@pgfplots@tokc=\toks45
\pgfplots@tmpa=\dimen331
\c@pgfplots@coordindex=\count344
\c@pgfplots@scanlineindex=\count345

(c:/texlive/2023/texmf-dist/tex/generic/pgfplots/sys/pgfplotssysgeneric.code.te
x))
(c:/texlive/2023/texmf-dist/tex/generic/pgfplots/libs/pgfplotslibrary.code.tex)

(c:/texlive/2023/texmf-dist/tex/generic/pgfplots/oldpgfcompatib/pgfplotsoldpgfs
upp_loader.code.tex
Package pgfplots: loading complementary utilities for your pgf version...
\t@pgf@toka=\toks46
\t@pgf@tokb=\toks47
\t@pgf@tokc=\toks48

(c:/texlive/2023/texmf-dist/tex/generic/pgfplots/oldpgfcompatib/pgfplotsoldpgfs
upp_pgfutil-common-lists.tex))
(c:/texlive/2023/texmf-dist/tex/generic/pgfplots/util/pgfplotsutil.code.tex
(c:/texlive/2023/texmf-dist/tex/generic/pgfplots/liststructure/pgfplotsliststru
cture.code.tex)
(c:/texlive/2023/texmf-dist/tex/generic/pgfplots/liststructure/pgfplotsliststru
ctureext.code.tex)
(c:/texlive/2023/texmf-dist/tex/generic/pgfplots/liststructure/pgfplotsarray.co
de.tex
\c@pgfplotsarray@tmp=\count346
)
(c:/texlive/2023/texmf-dist/tex/generic/pgfplots/liststructure/pgfplotsmatrix.c
ode.tex)
(c:/texlive/2023/texmf-dist/tex/generic/pgfplots/numtable/pgfplotstableshared.c
ode.tex
\c@pgfplotstable@counta=\count347
\t@pgfplotstable@a=\toks49
)
(c:/texlive/2023/texmf-dist/tex/generic/pgfplots/liststructure/pgfplotsdeque.co
de.tex)
(c:/texlive/2023/texmf-dist/tex/generic/pgfplots/util/pgfplotsbinary.code.tex
(c:/texlive/2023/texmf-dist/tex/generic/pgfplots/util/pgfplotsbinary.data.code.
tex))
(c:/texlive/2023/texmf-dist/tex/generic/pgfplots/util/pgfplotsutil.verb.code.te
x)
(c:/texlive/2023/texmf-dist/tex/generic/pgfplots/libs/pgflibrarypgfplots.surfsh
ading.code.tex
\c@pgfplotslibrarysurf@no=\count348

(c:/texlive/2023/texmf-dist/tex/generic/pgfplots/sys/pgflibrarypgfplots.surfsha
ding.pgfsys-pdftex.def)))
(c:/texlive/2023/texmf-dist/tex/generic/pgfplots/util/pgfplotscolormap.code.tex
(c:/texlive/2023/texmf-dist/tex/generic/pgfplots/util/pgfplotscolor.code.tex))
(c:/texlive/2023/texmf-dist/tex/generic/pgfplots/pgfplotsstackedplots.code.tex)
(c:/texlive/2023/texmf-dist/tex/generic/pgfplots/pgfplotsplothandlers.code.tex
(c:/texlive/2023/texmf-dist/tex/generic/pgfplots/pgfplotsmeshplothandler.code.t
ex
(c:/texlive/2023/texmf-dist/tex/generic/pgfplots/pgfplotsmeshplotimage.code.tex
))) (c:/texlive/2023/texmf-dist/tex/generic/pgfplots/pgfplots.scaling.code.tex)

(c:/texlive/2023/texmf-dist/tex/generic/pgfplots/pgfplotscoordprocessing.code.t
ex)
(c:/texlive/2023/texmf-dist/tex/generic/pgfplots/pgfplots.errorbars.code.tex)
(c:/texlive/2023/texmf-dist/tex/generic/pgfplots/pgfplots.markers.code.tex)
(c:/texlive/2023/texmf-dist/tex/generic/pgfplots/pgfplotsticks.code.tex)
(c:/texlive/2023/texmf-dist/tex/generic/pgfplots/pgfplots.paths.code.tex)
(c:/texlive/2023/texmf-dist/tex/generic/pgf/frontendlayer/tikz/libraries/tikzli
brarydecorations.code.tex
(c:/texlive/2023/texmf-dist/tex/generic/pgf/modules/pgfmoduledecorations.code.t
ex
\pgfdecoratedcompleteddistance=\dimen332
\pgfdecoratedremainingdistance=\dimen333
\pgfdecoratedinputsegmentcompleteddistance=\dimen334
\pgfdecoratedinputsegmentremainingdistance=\dimen335
\pgf@decorate@distancetomove=\dimen336
\pgf@decorate@repeatstate=\count349
\pgfdecorationsegmentamplitude=\dimen337
\pgfdecorationsegmentlength=\dimen338
)
\tikz@lib@dec@box=\box82
)
(c:/texlive/2023/texmf-dist/tex/generic/pgf/frontendlayer/tikz/libraries/tikzli
brarydecorations.pathmorphing.code.tex
(c:/texlive/2023/texmf-dist/tex/generic/pgf/libraries/decorations/pgflibrarydec
orations.pathmorphing.code.tex))
(c:/texlive/2023/texmf-dist/tex/generic/pgf/frontendlayer/tikz/libraries/tikzli
brarydecorations.pathreplacing.code.tex
(c:/texlive/2023/texmf-dist/tex/generic/pgf/libraries/decorations/pgflibrarydec
orations.pathreplacing.code.tex))
(c:/texlive/2023/texmf-dist/tex/generic/pgfplots/libs/tikzlibrarypgfplots.conto
urlua.code.tex)
\pgfplots@numplots=\count350
\pgfplots@xmin@reg=\dimen339
\pgfplots@xmax@reg=\dimen340
\pgfplots@ymin@reg=\dimen341
\pgfplots@ymax@reg=\dimen342
\pgfplots@zmin@reg=\dimen343
\pgfplots@zmax@reg=\dimen344
)
(c:/texlive/2023/texmf-dist/tex/generic/pgf/frontendlayer/tikz/libraries/tikzli
braryplotmarks.code.tex
File: tikzlibraryplotmarks.code.tex 2023-01-15 v3.1.10 (3.1.10)

(c:/texlive/2023/texmf-dist/tex/generic/pgf/libraries/pgflibraryplotmarks.code.
tex
File: pgflibraryplotmarks.code.tex 2023-01-15 v3.1.10 (3.1.10)
)))
\hsizevalue=\dimen345
\vsizevalue=\dimen346
\c@temp=\count351
 (c:/texlive/2023/texmf-dist/tex/latex/amsmath/amsmath.sty
Package: amsmath 2023/05/13 v2.17o AMS math features
\@mathmargin=\skip65

For additional information on amsmath, use the `?' option.
(c:/texlive/2023/texmf-dist/tex/latex/amsmath/amstext.sty
Package: amstext 2021/08/26 v2.01 AMS text

(c:/texlive/2023/texmf-dist/tex/latex/amsmath/amsgen.sty
File: amsgen.sty 1999/11/30 v2.0 generic functions
\@emptytoks=\toks50
\ex@=\dimen347
))
(c:/texlive/2023/texmf-dist/tex/latex/amsmath/amsbsy.sty
Package: amsbsy 1999/11/29 v1.2d Bold Symbols
LaTeX Info: Redefining \boldsymbol on input line 28.
\pmbraise@=\dimen348
)
(c:/texlive/2023/texmf-dist/tex/latex/amsmath/amsopn.sty
Package: amsopn 2022/04/08 v2.04 operator names
)
\inf@bad=\count352
LaTeX Info: Redefining \frac on input line 234.
\uproot@=\count353
\leftroot@=\count354
LaTeX Info: Redefining \overline on input line 399.
LaTeX Info: Redefining \colon on input line 410.
\classnum@=\count355
\DOTSCASE@=\count356
LaTeX Info: Redefining \ldots on input line 496.
LaTeX Info: Redefining \dots on input line 499.
LaTeX Info: Redefining \cdots on input line 620.
\Mathstrutbox@=\box83
\strutbox@=\box84
LaTeX Info: Redefining \big on input line 722.
LaTeX Info: Redefining \Big on input line 723.
LaTeX Info: Redefining \bigg on input line 724.
LaTeX Info: Redefining \Bigg on input line 725.
\big@size=\dimen349
LaTeX Font Info:    Redeclaring font encoding OML on input line 743.
LaTeX Font Info:    Redeclaring font encoding OMS on input line 744.
\macc@depth=\count357
LaTeX Info: Redefining \bmod on input line 905.
LaTeX Info: Redefining \pmod on input line 910.
LaTeX Info: Redefining \smash on input line 940.
LaTeX Info: Redefining \relbar on input line 970.
LaTeX Info: Redefining \Relbar on input line 971.
\c@MaxMatrixCols=\count358
\dotsspace@=\muskip16
\c@parentequation=\count359
\dspbrk@lvl=\count360
\tag@help=\toks51
\row@=\count361
\column@=\count362
\maxfields@=\count363
\andhelp@=\toks52
\eqnshift@=\dimen350
\alignsep@=\dimen351
\tagshift@=\dimen352
\tagwidth@=\dimen353
\totwidth@=\dimen354
\lineht@=\dimen355
\@envbody=\toks53
\multlinegap=\skip66
\multlinetaggap=\skip67
\mathdisplay@stack=\toks54
LaTeX Info: Redefining \[ on input line 2953.
LaTeX Info: Redefining \] on input line 2954.
)
(c:/texlive/2023/texmf-dist/tex/latex/float/float.sty
Package: float 2001/11/08 v1.3d Float enhancements (AL)
\c@float@type=\count364
\float@exts=\toks55
\float@box=\box85
\@float@everytoks=\toks56
\@floatcapt=\box86
)
(c:/texlive/2023/texmf-dist/tex/latex/boites/boites.sty
File: boites.sty 
Package: boites 2013/11/21 v1.1 Colored, framed and breakable across pages boxe
s
\bk@bxb=\box87
\bk@bxa=\box88
\bk@lcnt=\count365
)
(c:/texlive/2023/texmf-dist/tex/latex/boites/boites_exemples.sty
File: boites_exemples.sty 
Package: boites_exemples 
\bk@hauteurcourrante=\dimen356
\bk@hauteursuivante=\dimen357
\bk@tempdim=\dimen358
\bk@fboxsep=\skip68
)
(c:/texlive/2023/texmf-dist/tex/latex/base/latexsym.sty
Package: latexsym 1998/08/17 v2.2e Standard LaTeX package (lasy symbols)
\symlasy=\mathgroup7
LaTeX Font Info:    Overwriting symbol font `lasy' in version `bold'
(Font)                  U/lasy/m/n --> U/lasy/b/n on input line 52.
)
(c:/texlive/2023/texmf-dist/tex/latex/mathtools/mathtools.sty
Package: mathtools 2022/06/29 v1.29 mathematical typesetting tools

(c:/texlive/2023/texmf-dist/tex/latex/mathtools/mhsetup.sty
Package: mhsetup 2021/03/18 v1.4 programming setup (MH)
)
\g_MT_multlinerow_int=\count366
\l_MT_multwidth_dim=\dimen359
\origjot=\skip69
\l_MT_shortvdotswithinadjustabove_dim=\dimen360
\l_MT_shortvdotswithinadjustbelow_dim=\dimen361
\l_MT_above_intertext_sep=\dimen362
\l_MT_below_intertext_sep=\dimen363
\l_MT_above_shortintertext_sep=\dimen364
\l_MT_below_shortintertext_sep=\dimen365
\xmathstrut@box=\box89
\xmathstrut@dim=\dimen366
)
(c:/texlive/2023/texmf-dist/tex/latex/amsfonts/amssymb.sty
Package: amssymb 2013/01/14 v3.01 AMS font symbols

(c:/texlive/2023/texmf-dist/tex/latex/amsfonts/amsfonts.sty
Package: amsfonts 2013/01/14 v3.01 Basic AMSFonts support
\symAMSa=\mathgroup8
\symAMSb=\mathgroup9
LaTeX Font Info:    Redeclaring math symbol \hbar on input line 98.
LaTeX Font Info:    Overwriting math alphabet `\mathfrak' in version `bold'
(Font)                  U/euf/m/n --> U/euf/b/n on input line 106.
))
(c:/texlive/2023/texmf-dist/tex/latex/amscls/amsthm.sty
Package: amsthm 2020/05/29 v2.20.6
\thm@style=\toks57
\thm@bodyfont=\toks58
\thm@headfont=\toks59
\thm@notefont=\toks60
\thm@headpunct=\toks61
\thm@preskip=\skip70
\thm@postskip=\skip71
\thm@headsep=\skip72
\dth@everypar=\toks62
)
(c:/texlive/2023/texmf-dist/tex/latex/jknapltx/mathrsfs.sty
Package: mathrsfs 1996/01/01 Math RSFS package v1.0 (jk)
\symrsfs=\mathgroup10
)
(c:/texlive/2023/texmf-dist/tex/latex/base/makeidx.sty
Package: makeidx 2021/10/04 v1.0m Standard LaTeX package
)
(c:/texlive/2023/texmf-dist/tex/latex/tools/verbatim.sty
Package: verbatim 2023-11-06 v1.5v LaTeX2e package for verbatim enhancements
\every@verbatim=\toks63
\verbatim@line=\toks64
\verbatim@in@stream=\read3
)
(c:/texlive/2023/texmf-dist/tex/latex/moreverb/moreverb.sty
Package: moreverb 2008/06/03 v2.3a `more' verbatim facilities
\tab@position=\count367
\tab@size=\count368
\listing@line=\count369
)
(c:/texlive/2023/texmf-dist/tex/latex/hyperref/hyperref.sty
Package: hyperref 2023-11-26 v7.01g Hypertext links for LaTeX

(c:/texlive/2023/texmf-dist/tex/generic/infwarerr/infwarerr.sty
Package: infwarerr 2019/12/03 v1.5 Providing info/warning/error messages (HO)
)
(c:/texlive/2023/texmf-dist/tex/latex/kvsetkeys/kvsetkeys.sty
Package: kvsetkeys 2022-10-05 v1.19 Key value parser (HO)
)
(c:/texlive/2023/texmf-dist/tex/generic/kvdefinekeys/kvdefinekeys.sty
Package: kvdefinekeys 2019-12-19 v1.6 Define keys (HO)
)
(c:/texlive/2023/texmf-dist/tex/generic/pdfescape/pdfescape.sty
Package: pdfescape 2019/12/09 v1.15 Implements pdfTeX's escape features (HO)

(c:/texlive/2023/texmf-dist/tex/generic/ltxcmds/ltxcmds.sty
Package: ltxcmds 2023-12-04 v1.26 LaTeX kernel commands for general use (HO)
)
(c:/texlive/2023/texmf-dist/tex/generic/pdftexcmds/pdftexcmds.sty
Package: pdftexcmds 2020-06-27 v0.33 Utility functions of pdfTeX for LuaTeX (HO
)
Package pdftexcmds Info: \pdf@primitive is available.
Package pdftexcmds Info: \pdf@ifprimitive is available.
Package pdftexcmds Info: \pdfdraftmode found.
))
(c:/texlive/2023/texmf-dist/tex/latex/hycolor/hycolor.sty
Package: hycolor 2020-01-27 v1.10 Color options for hyperref/bookmark (HO)
)
(c:/texlive/2023/texmf-dist/tex/latex/letltxmacro/letltxmacro.sty
Package: letltxmacro 2019/12/03 v1.6 Let assignment for LaTeX macros (HO)
)
(c:/texlive/2023/texmf-dist/tex/latex/auxhook/auxhook.sty
Package: auxhook 2019-12-17 v1.6 Hooks for auxiliary files (HO)
)
(c:/texlive/2023/texmf-dist/tex/latex/hyperref/nameref.sty
Package: nameref 2023-11-26 v2.56 Cross-referencing by name of section

(c:/texlive/2023/texmf-dist/tex/latex/refcount/refcount.sty
Package: refcount 2019/12/15 v3.6 Data extraction from label references (HO)
)
(c:/texlive/2023/texmf-dist/tex/generic/gettitlestring/gettitlestring.sty
Package: gettitlestring 2019/12/15 v1.6 Cleanup title references (HO)

(c:/texlive/2023/texmf-dist/tex/latex/kvoptions/kvoptions.sty
Package: kvoptions 2022-06-15 v3.15 Key value format for package options (HO)
))
\c@section@level=\count370
)
(c:/texlive/2023/texmf-dist/tex/latex/etoolbox/etoolbox.sty
Package: etoolbox 2020/10/05 v2.5k e-TeX tools for LaTeX (JAW)
\etb@tempcnta=\count371
)
\@linkdim=\dimen367
\Hy@linkcounter=\count372
\Hy@pagecounter=\count373

(c:/texlive/2023/texmf-dist/tex/latex/hyperref/pd1enc.def
File: pd1enc.def 2023-11-26 v7.01g Hyperref: PDFDocEncoding definition (HO)
Now handling font encoding PD1 ...
... no UTF-8 mapping file for font encoding PD1
)
(c:/texlive/2023/texmf-dist/tex/generic/intcalc/intcalc.sty
Package: intcalc 2019/12/15 v1.3 Expandable calculations with integers (HO)
)
\Hy@SavedSpaceFactor=\count374

(c:/texlive/2023/texmf-dist/tex/latex/hyperref/puenc.def
File: puenc.def 2023-11-26 v7.01g Hyperref: PDF Unicode definition (HO)
Now handling font encoding PU ...
... no UTF-8 mapping file for font encoding PU
)
Package hyperref Info: Hyper figures OFF on input line 4181.
Package hyperref Info: Link nesting OFF on input line 4186.
Package hyperref Info: Hyper index ON on input line 4189.
Package hyperref Info: Plain pages OFF on input line 4196.
Package hyperref Info: Backreferencing OFF on input line 4201.
Package hyperref Info: Implicit mode ON; LaTeX internals redefined.
Package hyperref Info: Bookmarks ON on input line 4448.
\c@Hy@tempcnt=\count375

(c:/texlive/2023/texmf-dist/tex/latex/url/url.sty
\Urlmuskip=\muskip17
Package: url 2013/09/16  ver 3.4  Verb mode for urls, etc.
)
LaTeX Info: Redefining \url on input line 4786.
\XeTeXLinkMargin=\dimen368

(c:/texlive/2023/texmf-dist/tex/generic/bitset/bitset.sty
Package: bitset 2019/12/09 v1.3 Handle bit-vector datatype (HO)

(c:/texlive/2023/texmf-dist/tex/generic/bigintcalc/bigintcalc.sty
Package: bigintcalc 2019/12/15 v1.5 Expandable calculations on big integers (HO
)
))
\Fld@menulength=\count376
\Field@Width=\dimen369
\Fld@charsize=\dimen370
Package hyperref Info: Hyper figures OFF on input line 6065.
Package hyperref Info: Link nesting OFF on input line 6070.
Package hyperref Info: Hyper index ON on input line 6073.
Package hyperref Info: backreferencing OFF on input line 6080.
Package hyperref Info: Link coloring OFF on input line 6085.
Package hyperref Info: Link coloring with OCG OFF on input line 6090.
Package hyperref Info: PDF/A mode OFF on input line 6095.

(c:/texlive/2023/texmf-dist/tex/latex/base/atbegshi-ltx.sty
Package: atbegshi-ltx 2021/01/10 v1.0c Emulation of the original atbegshi
package with kernel methods
)
\Hy@abspage=\count377
\c@Item=\count378
\c@Hfootnote=\count379
)
Package hyperref Info: Driver (autodetected): hpdftex.

(c:/texlive/2023/texmf-dist/tex/latex/hyperref/hpdftex.def
File: hpdftex.def 2023-11-26 v7.01g Hyperref driver for pdfTeX

(c:/texlive/2023/texmf-dist/tex/latex/base/atveryend-ltx.sty
Package: atveryend-ltx 2020/08/19 v1.0a Emulation of the original atveryend pac
kage
with kernel methods
)
\Fld@listcount=\count380
\c@bookmark@seq@number=\count381

(c:/texlive/2023/texmf-dist/tex/latex/rerunfilecheck/rerunfilecheck.sty
Package: rerunfilecheck 2022-07-10 v1.10 Rerun checks for auxiliary files (HO)

(c:/texlive/2023/texmf-dist/tex/generic/uniquecounter/uniquecounter.sty
Package: uniquecounter 2019/12/15 v1.4 Provide unlimited unique counter (HO)
)
Package uniquecounter Info: New unique counter `rerunfilecheck' on input line 2
85.
)
\Hy@SectionHShift=\skip73
)
Package hyperref Info: Option `bookmarksopen' set `false' on input line 125.

(c:/texlive/2023/texmf-dist/tex/latex/breakurl/breakurl.sty
Package: breakurl 2013/04/10 v1.40 Breakable hyperref URLs

(c:/texlive/2023/texmf-dist/tex/generic/iftex/ifpdf.sty
Package: ifpdf 2019/10/25 v3.4 ifpdf legacy package. Use iftex instead.
)

Package breakurl Warning: You are using breakurl while processing via pdflatex.

(breakurl)                \burl will be just a synonym of \url.
(breakurl)                 on input line 48.

)
\outermargin=\skip74
\emailcount=\count382
\punctcount=\count383
\aucount=\count384
\corrauthcount=\count385
\c@affn=\count386
\addcount=\count387
\adjtitleskip=\skip75
\QELftRghtDimen=\skip76
\featuretitcnt=\count388
\c@scheme=\count389
\c@theorem=\count390
\c@lemma=\count391
\c@corollary=\count392
\c@example=\count393
\c@definition=\count394
\c@remark=\count395
\c@exer=\count396
\tabbodybox=\box90
\chktabbodywdbox=\box91
\eqnarraycolsep=\skip77
\safetymargin=\dimen371
\safetypaperheight=\dimen372
\safetypaperwidth=\dimen373
\blrlwd=\skip78
\bleed=\dimen374
\bleedruleht=\skip79
\brlmvdn=\skip80
\cropraisedimen=\skip81
\margwidth=\dimen375
\pagecntcntr=\count397
LaTeX Info: Redefining \emph on input line 1718.
\temQEcnt=\count398
\authhsize=\dimen376
\QueryCnt=\count399
\aqadjdim=\dimen377
\LASTPAGENO=\count400
\TmpCnt=\count401
\iletterskip=\skip82
) (C:/Users/anisu/Music/ncert-signal/gvv.sty)
(c:/texlive/2023/texmf-dist/tex/latex/natbib/natbib.sty
Package: natbib 2010/09/13 8.31b (PWD, AO)
\bibhang=\skip83
\bibsep=\skip84
LaTeX Info: Redefining \cite on input line 694.
\c@NAT@ctr=\count402
)
\@indexfile=\write4
\openout4 = `main.idx'.


Writing index file main.idx
(C:/Users/anisu/Music/ncert-signal/main.aux)
\openout1 = `main.aux'.

LaTeX Font Info:    Checking defaults for OML/cmm/m/it on input line 26.
LaTeX Font Info:    ... okay on input line 26.
LaTeX Font Info:    Checking defaults for OMS/cmsy/m/n on input line 26.
LaTeX Font Info:    ... okay on input line 26.
LaTeX Font Info:    Checking defaults for OT1/cmr/m/n on input line 26.
LaTeX Font Info:    ... okay on input line 26.
LaTeX Font Info:    Checking defaults for T1/cmr/m/n on input line 26.
LaTeX Font Info:    ... okay on input line 26.
LaTeX Font Info:    Checking defaults for TS1/cmr/m/n on input line 26.
LaTeX Font Info:    ... okay on input line 26.
LaTeX Font Info:    Checking defaults for OMX/cmex/m/n on input line 26.
LaTeX Font Info:    ... okay on input line 26.
LaTeX Font Info:    Checking defaults for U/cmr/m/n on input line 26.
LaTeX Font Info:    ... okay on input line 26.
LaTeX Font Info:    Checking defaults for PD1/pdf/m/n on input line 26.
LaTeX Font Info:    ... okay on input line 26.
LaTeX Font Info:    Checking defaults for PU/pdf/m/n on input line 26.
LaTeX Font Info:    ... okay on input line 26.

*geometry* driver: auto-detecting
*geometry* detected driver: pdftex
*geometry* verbose mode - [ preamble ] result:
* driver: pdftex
* paper: <default>
* layout: <same size as paper>
* layoutoffset:(h,v)=(0.0pt,0.0pt)
* modes: twoside 
* h-part:(L,W,R)=(108.405pt, 433.62001pt, 72.26999pt)
* v-part:(T,H,B)=(95.39737pt, 556.47656pt, 143.09605pt)
* \paperwidth=614.295pt
* \paperheight=794.96999pt
* \textwidth=433.62001pt
* \textheight=556.47656pt
* \oddsidemargin=72.26999pt
* \evensidemargin=0.0pt
* \topmargin=60.0pt
* \headheight=36.0pt
* \headsep=36.0pt
* \topskip=11.0pt
* \footskip=24.0pt
* \marginparwidth=116.0pt
* \marginparsep=7.0pt
* \columnsep=10.0pt
* \skip\footins=24.0pt
* \hoffset=0.0pt
* \voffset=0.0pt
* \mag=1000
* \@twocolumnfalse
* \@twosidetrue
* \@mparswitchtrue
* \@reversemarginfalse
* (1in=72.27pt=25.4mm, 1cm=28.453pt)

(c:/texlive/2023/texmf-dist/tex/context/base/mkii/supp-pdf.mkii
[Loading MPS to PDF converter (version 2006.09.02).]
\scratchcounter=\count403
\scratchdimen=\dimen378
\scratchbox=\box92
\nofMPsegments=\count404
\nofMParguments=\count405
\everyMPshowfont=\toks65
\MPscratchCnt=\count406
\MPscratchDim=\dimen379
\MPnumerator=\count407
\makeMPintoPDFobject=\count408
\everyMPtoPDFconversion=\toks66
) (c:/texlive/2023/texmf-dist/tex/latex/epstopdf-pkg/epstopdf-base.sty
Package: epstopdf-base 2020-01-24 v2.11 Base part for package epstopdf

(c:/texlive/2023/texmf-dist/tex/latex/grfext/grfext.sty
Package: grfext 2019/12/03 v1.3 Manage graphics extensions (HO)
)
Package epstopdf-base Info: Redefining graphics rule for `.eps' on input line 4
85.
Package grfext Info: Graphics extension search list:
(grfext)             [.pdf,.png,.jpg,.mps,.jpeg,.jbig2,.jb2,.PDF,.PNG,.JPG,.JPE
G,.JBIG2,.JB2,.eps]
(grfext)             \AppendGraphicsExtensions on input line 504.

(c:/texlive/2023/texmf-dist/tex/latex/latexconfig/epstopdf-sys.cfg
File: epstopdf-sys.cfg 2010/07/13 v1.3 Configuration of (r)epstopdf for TeX Liv
e
))
\c@lstlisting=\count409
LaTeX Info: Redefining \celsius on input line 26.
Package gensymb Info: Faking symbols for \degree and \celsius on input line 26.



Package gensymb Warning: Not defining \perthousand.

LaTeX Info: Redefining \ohm on input line 26.
Package gensymb Info: Using \Omega for \ohm on input line 26.

Package gensymb Warning: Not defining \micro.


Package pgfplots Warning: running in backwards compatibility mode (unsuitable t
ick labels; missing features). Consider writing \pgfplotsset{compat=1.18} into 
your preamble.
 on input line 26.

(c:/texlive/2023/texmf-dist/tex/latex/setspace/setspace.sty
Package: setspace 2022/12/04 v6.7b set line spacing
)
Package hyperref Info: Link coloring OFF on input line 26.

(C:/Users/anisu/Music/ncert-signal/main.out)
(C:/Users/anisu/Music/ncert-signal/main.out)
\@outlinefile=\write5
\openout5 = `main.out'.

<figs/logo.jpg, id=51, 642.4pt x 642.4pt>
File: figs/logo.jpg Graphic file (type jpg)
<use figs/logo.jpg>
Package pdftex.def Info: figs/logo.jpg  used on input line 52.
(pdftex.def)             Requested size: 128.47772pt x 128.47772pt.

Underfull \vbox (badness 10000) has occurred while \output is active []


Underfull \vbox (badness 10000) has occurred while \output is active []

 [1
Non-PDF special ignored!
<special> header=pstricks.pro
Non-PDF special ignored!
<special> header=pst-algparser.pro
Non-PDF special ignored!
<special> header=pst-tools.pro
Non-PDF special ignored!
<special> header=pst-dots.pro
Non-PDF special ignored!
<special> header=pst-grad.pro

Non-PDF special ignored!
<special> ps: /pssetRGBcolor /setrgbcolor load def /pssetCMYKcolor /setcmyk...
Non-PDF special ignored!
<special> ps:tx@Dict begin  gsave STV CP T /ps@rot 0 def grestore  end
Non-PDF special ignored!
<special> ps:tx@Dict begin  gsave STV CP T /ps@refangle 0.  def grestore  e...

{c:/texlive/2023/texmf-var/fonts/map/pdftex/updmap/pdftex.map} <C:/Users/anisu/
Music/ncert-signal/figs/logo.jpg>]
Underfull \vbox (badness 10000) has occurred while \output is active []


Underfull \vbox (badness 10000) has occurred while \output is active []

 [2{c:/texlive/2023/texmf-dist/fonts/enc/dvips/cm-super/cm-super-ts1.enc}]
(C:/Users/anisu/Music/ncert-signal/main.toc
LaTeX Font Info:    Trying to load font information for U+lasy on input line 4.


(c:/texlive/2023/texmf-dist/tex/latex/base/ulasy.fd
File: ulasy.fd 1998/08/17 v2.2e LaTeX symbol font definitions
)
LaTeX Font Info:    Trying to load font information for U+msa on input line 4.

(c:/texlive/2023/texmf-dist/tex/latex/amsfonts/umsa.fd
File: umsa.fd 2013/01/14 v3.01 AMS symbols A
)
LaTeX Font Info:    Trying to load font information for U+msb on input line 4.

(c:/texlive/2023/texmf-dist/tex/latex/amsfonts/umsb.fd
File: umsb.fd 2013/01/14 v3.01 AMS symbols B
)
LaTeX Font Info:    Trying to load font information for U+rsfs on input line 4.


(c:/texlive/2023/texmf-dist/tex/latex/jknapltx/ursfs.fd
File: ursfs.fd 1998/03/24 rsfs font definition file (jk)
))
\tf@toc=\write6
\openout6 = `main.toc'.


Underfull \vbox (badness 10000) has occurred while \output is active []


Underfull \vbox (badness 10000) has occurred while \output is active []


pdfTeX warning (ext4): destination with the same identifier (name{page.i}) has 
been already used, duplicate ignored
<to be read again> 
                   \relax 
l.196 \begin{introduction}
                           [1

]
Underfull \vbox (badness 10000) has occurred while \output is active []


Underfull \vbox (badness 10000) has occurred while \output is active []


pdfTeX warning (ext4): destination with the same identifier (name{page.ii}) has
 been already used, duplicate ignored
<to be read again> 
                   \relax 
l.196 \begin{introduction}
                           [2

]

Package hyperref Warning: bookmark level for unknown schapter defaults to 0.


Underfull \vbox (badness 10000) has occurred while \output is active []


Underfull \vbox (badness 10000) has occurred while \output is active []

 [3

]
Underfull \vbox (badness 10000) has occurred while \output is active []


Underfull \vbox (badness 10000) has occurred while \output is active []

 [4

]
Chapter 1.
(C:/Users/anisu/Music/ncert-signal/ncert-physics/analog.tex
(C:/Users/anisu/Music/ncert-signal/ncert-physics/12/8/8/main.tex
(C:/Users/anisu/Music/ncert-signal/ncert-physics/12/8/8/tables/table1.tex
Overfull \hbox (7.13481pt too wide) in paragraph at lines 10--10
[]|\OT1/cmr/m/n/10.95 Symbol| 
 []


Underfull \hbox (badness 10000) in paragraph at lines 12--12
[]|\OT1/cmr/m/n/10.95 frequency of
 []


Underfull \hbox (badness 10000) in paragraph at lines 14--14
[]|\OT1/cmr/m/n/10.95 Electric field
 []


Underfull \hbox (badness 5771) in paragraph at lines 16--17
[]|\OT1/cmr/m/n/10.95 3 x 10$[]$
 []


Underfull \hbox (badness 5091) in paragraph at lines 18--18
[]|\OT1/cmr/m/n/10.95 Standard Ba-
 []

) (C:/Users/anisu/Music/ncert-signal/ncert-physics/12/8/8/tables/table2.tex
Overfull \hbox (15.67072pt too wide) in paragraph at lines 9--9
[]|\OT1/cmr/m/n/10.95 Symbol| 
 []


Overfull \hbox (12.01012pt too wide) in paragraph at lines 9--9
[]|\OT1/cmr/m/n/10.95 Description| 
 []


Underfull \hbox (badness 10000) in paragraph at lines 11--11
[]|\OT1/cmr/m/n/10.95 Electric
 []


Underfull \hbox (badness 10000) in paragraph at lines 11--11
\OT1/cmr/m/n/10.95 field
 []


Underfull \hbox (badness 10000) in paragraph at lines 11--11
[]|$\OML/cmm/m/it/10.95 E[] []\OT1/cmr/m/n/10.95 (\OML/cmm/m/it/10.95 kx \OMS/c
msy/m/n/10.95 ^^@
 []


Underfull \hbox (badness 10000) in paragraph at lines 11--12
[]|$\OT1/cmr/m/n/10.95 120 [][1\OML/cmm/m/it/10.95 :\OT1/cmr/m/n/10.95 05\OML/c
mm/m/it/10.95 x \OMS/cmsy/m/n/10.95 ^^@
 []


Overfull \hbox (1.42511pt too wide) in paragraph at lines 13--13
[]|\OT1/cmr/m/n/10.95 Magnetic
 []


Underfull \hbox (badness 10000) in paragraph at lines 13--13
[]|$\OML/cmm/m/it/10.95 B[] []\OT1/cmr/m/n/10.95 (\OML/cmm/m/it/10.95 kx \OMS/c
msy/m/n/10.95 ^^@
 []


Overfull \hbox (18.29129pt too wide) in paragraph at lines 13--14
[]|$\OT1/cmr/m/n/10.95 (4\OML/cmm/m/it/10.95 x\OT1/cmr/m/n/10.95 10[]) [][1\OML
/cmm/m/it/10.95 :\OT1/cmr/m/n/10.95 05\OML/cmm/m/it/10.95 x \OMS/cmsy/m/n/10.95
 ^^@
 []


Overfull \hbox (1.42511pt too wide) in paragraph at lines 15--15
[]|\OT1/cmr/m/n/10.95 Magnetic
 []


Underfull \hbox (badness 10000) in paragraph at lines 15--15
\OT1/cmr/m/n/10.95 field
 []


Underfull \hbox (badness 10000) in paragraph at lines 17--17
[]|\OT1/cmr/m/n/10.95 Angular
 []


Underfull \hbox (badness 10000) in paragraph at lines 17--17
\OT1/cmr/m/n/10.95 fre-
 []


Overfull \hbox (15.90346pt too wide) in paragraph at lines 19--19
[]|\OT1/cmr/m/n/10.95 Propagation
 []


Overfull \hbox (12.98341pt too wide) in paragraph at lines 21--21
[]|\OT1/cmr/m/n/10.95 Wavelength| 
 []

)

LaTeX Warning: `h' float specifier changed to `ht'.


Underfull \vbox (badness 10000) has occurred while \output is active []


Underfull \vbox (badness 10000) has occurred while \output is active []

 [1

]
<ncert-physics/12/8/8/figs/Figure_1.png, id=104, 722.7pt x 578.16pt>
File: ncert-physics/12/8/8/figs/Figure_1.png Graphic file (type png)
<use ncert-physics/12/8/8/figs/Figure_1.png>
Package pdftex.def Info: ncert-physics/12/8/8/figs/Figure_1.png  used on input 
line 102.
(pdftex.def)             Requested size: 433.62001pt x 346.89867pt.


LaTeX Warning: `h' float specifier changed to `ht'.

)
Underfull \vbox (badness 10000) has occurred while \output is active []


Underfull \vbox (badness 10000) has occurred while \output is active []


Underfull \vbox (badness 10000) has occurred while \output is active []

 [2]
(C:/Users/anisu/Music/ncert-signal/ncert-physics/12/8/6/a1.tex

LaTeX Warning: `h' float specifier changed to `ht'.

<ncert-physics/12/8/6/figs/Figure_1.png, id=115, 462.528pt x 346.896pt>
File: ncert-physics/12/8/6/figs/Figure_1.png Graphic file (type png)
<use ncert-physics/12/8/6/figs/Figure_1.png>
Package pdftex.def Info: ncert-physics/12/8/6/figs/Figure_1.png  used on input 
line 79.
(pdftex.def)             Requested size: 433.62001pt x 325.23007pt.

LaTeX Warning: `h' float specifier changed to `ht'.

)
Underfull \vbox (badness 10000) has occurred while \output is active []


Underfull \vbox (badness 10000) has occurred while \output is active []


Underfull \vbox (badness 10000) has occurred while \output is active []

 [3 <C:/Users/anisu/Music/ncert-signal/ncert-physics/12/8/8/figs/Figure_1.png>]

Underfull \hbox (badness 10000) in paragraph at lines 15--20

 []

(C:/Users/anisu/Music/ncert-signal/ncert-physics/11/15/13/assignment11.tex
(C:/Users/anisu/Music/ncert-signal/ncert-physics/11/15/13/tables/TABLE1.tex
Underfull \hbox (badness 10000) in paragraph at lines 7--7
[]|$\OML/cmm/m/it/10.95 y [] \OT1/cmr/m/n/10.95 =
 []

)
Underfull \vbox (badness 1838) has occurred while \output is active []


Underfull \vbox (badness 10000) has occurred while \output is active []


Underfull \vbox (badness 10000) has occurred while \output is active []

 [4]
(C:/Users/anisu/Music/ncert-signal/ncert-physics/11/15/13/tables/TABLE2.tex
Underfull \hbox (badness 1960) in paragraph at lines 6--6
[]|\OT1/cmr/m/n/10.95 STATIONARY WAVE
 []


Underfull \hbox (badness 1389) in paragraph at lines 6--6
[]|\OT1/cmr/m/n/10.95 TRAVELLING WAVE
 []


Underfull \hbox (badness 2707) in paragraph at lines 10--10
[]|$[]$ $\OML/cmm/m/it/10.95 ^^^\OT1/cmr/m/n/10.95 (\OML/cmm/m/it/10.95 x\OT1/c
mr/m/n/10.95 )$ can be ex-
 []


Underfull \hbox (badness 1038) in paragraph at lines 10--10
\OT1/cmr/m/n/10.95 pressed as $\OML/cmm/m/it/10.95 ^^^\OT1/cmr/m/n/10.95 (\OML/
cmm/m/it/10.95 x\OT1/cmr/m/n/10.95 ) = \OML/cmm/m/it/10.95 c$
 []


Underfull \hbox (badness 1728) in paragraph at lines 11--11
[]|$[]$ $\OML/cmm/m/it/10.95 ^^^\OT1/cmr/m/n/10.95 (\OML/cmm/m/it/10.95 x\OT1/c
mr/m/n/10.95 )$ rep-re-sents a
 []

)
<ncert-physics/11/15/13/figs/a.png, id=134, 462.528pt x 346.896pt>
File: ncert-physics/11/15/13/figs/a.png Graphic file (type png)
<use ncert-physics/11/15/13/figs/a.png>
Package pdftex.def Info: ncert-physics/11/15/13/figs/a.png  used on input line 
74.
(pdftex.def)             Requested size: 433.62001pt x 325.23007pt.
<ncert-physics/11/15/13/figs/b.png, id=135, 462.528pt x 346.896pt>
File: ncert-physics/11/15/13/figs/b.png Graphic file (type png)
<use ncert-physics/11/15/13/figs/b.png>
Package pdftex.def Info: ncert-physics/11/15/13/figs/b.png  used on input line 
80.
(pdftex.def)             Requested size: 433.62001pt x 325.23007pt.
<ncert-physics/11/15/13/figs/c.png, id=136, 462.528pt x 346.896pt>
File: ncert-physics/11/15/13/figs/c.png Graphic file (type png)
<use ncert-physics/11/15/13/figs/c.png>
Package pdftex.def Info: ncert-physics/11/15/13/figs/c.png  used on input line 
86.
(pdftex.def)             Requested size: 433.62001pt x 325.23007pt.
<ncert-physics/11/15/13/figs/d.png, id=137, 462.528pt x 346.896pt>
File: ncert-physics/11/15/13/figs/d.png Graphic file (type png)
<use ncert-physics/11/15/13/figs/d.png>
Package pdftex.def Info: ncert-physics/11/15/13/figs/d.png  used on input line 
92.
(pdftex.def)             Requested size: 433.62001pt x 325.23007pt.
)
Overfull \hbox (17.64227pt too wide) in paragraph at lines 70--27
    \OT1/cmr/m/n/10.95 Fig. []1.1.3[] and Fig. []1.1.3[] are self ex-plana-tory
 for sta-tion-ary and trav-el-ling waves.Fig. []1.1.3[]
 []


LaTeX Warning: `h' float specifier changed to `ht'.


LaTeX Warning: `h' float specifier changed to `ht'.


LaTeX Warning: `h' float specifier changed to `ht'.


LaTeX Warning: `h' float specifier changed to `ht'.


Underfull \vbox (badness 10000) has occurred while \output is active []


Underfull \vbox (badness 10000) has occurred while \output is active []


Underfull \vbox (badness 10000) has occurred while \output is active []

 [5 <C:/Users/anisu/Music/ncert-signal/ncert-physics/12/8/6/figs/Figure_1.png>]

(C:/Users/anisu/Music/ncert-signal/ncert-physics/11/15/10/ncert_11_15_10.tex
(C:/Users/anisu/Music/ncert-signal/ncert-physics/11/15/10/tables/table1.tex
Underfull \hbox (badness 10000) in paragraph at lines 5--5
[]\OT1/cmr/m/n/10 equation of har-
 []


Underfull \hbox (badness 1895) in paragraph at lines 17--17
[]\OT1/cmr/m/n/10 phase of $\OML/cmm/m/it/10 i[]$ \OT1/cmr/m/n/10 har-
 []

) (C:/Users/anisu/Music/ncert-signal/ncert-physics/11/15/10/tables/table2.tex)
Underfull \vbox (badness 10000) has occurred while \output is active []


Underfull \vbox (badness 10000) has occurred while \output is active []

 [6]
<ncert-physics/11/15/10/figs/graph1.png, id=167, 521.7894pt x 354.123pt>
File: ncert-physics/11/15/10/figs/graph1.png Graphic file (type png)
<use ncert-physics/11/15/10/figs/graph1.png>
Package pdftex.def Info: ncert-physics/11/15/10/figs/graph1.png  used on input 
line 95.
(pdftex.def)             Requested size: 433.62001pt x 294.28403pt.


LaTeX Warning: `h' float specifier changed to `ht'.

<ncert-physics/11/15/10/figs/graph2.png, id=168, 521.7894pt x 354.123pt>
File: ncert-physics/11/15/10/figs/graph2.png Graphic file (type png)
<use ncert-physics/11/15/10/figs/graph2.png>
Package pdftex.def Info: ncert-physics/11/15/10/figs/graph2.png  used on input 
line 103.
(pdftex.def)             Requested size: 433.62001pt x 294.28403pt.

LaTeX Warning: `h' float specifier changed to `ht'.

<ncert-physics/11/15/10/figs/graph3.png, id=169, 521.7894pt x 354.123pt>
File: ncert-physics/11/15/10/figs/graph3.png Graphic file (type png)
<use ncert-physics/11/15/10/figs/graph3.png>
Package pdftex.def Info: ncert-physics/11/15/10/figs/graph3.png  used on input 
line 111.
(pdftex.def)             Requested size: 433.62001pt x 294.28403pt.

LaTeX Warning: `h' float specifier changed to `ht'.

<ncert-physics/11/15/10/figs/graph4.png, id=170, 521.7894pt x 354.123pt>
File: ncert-physics/11/15/10/figs/graph4.png Graphic file (type png)
<use ncert-physics/11/15/10/figs/graph4.png>
Package pdftex.def Info: ncert-physics/11/15/10/figs/graph4.png  used on input 
line 119.
(pdftex.def)             Requested size: 433.62001pt x 294.28403pt.

LaTeX Warning: `h' float specifier changed to `ht'.

) (C:/Users/anisu/Music/ncert-signal/ncert-physics/12/7/2/main.tex
(C:/Users/anisu/Music/ncert-signal/ncert-physics/12/7/2/tables/a.tex)
Underfull \vbox (badness 10000) has occurred while \output is active []


Underfull \vbox (badness 10000) has occurred while \output is active []


Underfull \vbox (badness 10000) has occurred while \output is active []

 [7 <C:/Users/anisu/Music/ncert-signal/ncert-physics/11/15/13/figs/a.png>]
Underfull \vbox (badness 10000) has occurred while \output is active []


Underfull \vbox (badness 10000) has occurred while \output is active []

 [8]
Underfull \vbox (badness 10000) has occurred while \output is active []


Underfull \vbox (badness 10000) has occurred while \output is active []


Underfull \vbox (badness 10000) has occurred while \output is active []

 [9 <C:/Users/anisu/Music/ncert-signal/ncert-physics/11/15/13/figs/b.png>]
Overfull \vbox (38.2721pt too high) has occurred while \output is active []


Underfull \vbox (badness 10000) has occurred while \output is active []


Underfull \vbox (badness 10000) has occurred while \output is active []

 [10 <C:/Users/anisu/Music/ncert-signal/ncert-physics/11/15/13/figs/c.png>]
Underfull \vbox (badness 10000) has occurred while \output is active []


Underfull \vbox (badness 10000) has occurred while \output is active []


Underfull \vbox (badness 10000) has occurred while \output is active []

 [11 <C:/Users/anisu/Music/ncert-signal/ncert-physics/11/15/13/figs/d.png>]
Underfull \vbox (badness 10000) has occurred while \output is active []


Underfull \vbox (badness 10000) has occurred while \output is active []


Underfull \vbox (badness 10000) has occurred while \output is active []

 [12 <C:/Users/anisu/Music/ncert-signal/ncert-physics/11/15/10/figs/graph1.png>
]
<ncert-physics/12/7/2/figs/merged_sine_wave_plots.png, id=227, 867.24pt x 433.6
2pt>
File: ncert-physics/12/7/2/figs/merged_sine_wave_plots.png Graphic file (type p
ng)
<use ncert-physics/12/7/2/figs/merged_sine_wave_plots.png>
Package pdftex.def Info: ncert-physics/12/7/2/figs/merged_sine_wave_plots.png  
used on input line 168.
(pdftex.def)             Requested size: 433.62001pt x 216.80946pt.

Underfull \vbox (badness 10000) has occurred while \output is active []


Underfull \vbox (badness 10000) has occurred while \output is active []


Underfull \vbox (badness 10000) has occurred while \output is active []

 [13 <C:/Users/anisu/Music/ncert-signal/ncert-physics/11/15/10/figs/graph2.png>
]
Underfull \vbox (badness 10000) has occurred while \output is active []


Underfull \vbox (badness 10000) has occurred while \output is active []

 [14 <C:/Users/anisu/Music/ncert-signal/ncert-physics/11/15/10/figs/graph3.png>
 <C:/Users/anisu/Music/ncert-signal/ncert-physics/12/7/2/figs/merged_sine_wave_
plots.png>])
Underfull \hbox (badness 10000) in paragraph at lines 51--53

 []

(C:/Users/anisu/Music/ncert-signal/ncert-physics/12/10/5/main.tex
(C:/Users/anisu/Music/ncert-signal/ncert-physics/12/10/5/tables/table.tex)
Underfull \vbox (badness 10000) has occurred while \output is active []


Underfull \vbox (badness 10000) has occurred while \output is active []

 [15 <C:/Users/anisu/Music/ncert-signal/ncert-physics/11/15/10/figs/graph4.png>
]
(C:/Users/anisu/Music/ncert-signal/ncert-physics/12/10/5/tables/table1.tex)
Underfull \vbox (badness 3758) has occurred while \output is active []


Underfull \vbox (badness 10000) has occurred while \output is active []


Underfull \vbox (badness 10000) has occurred while \output is active []

 [16]
<ncert-physics/12/10/5/figs/intensity_plot.png, id=267, 462.528pt x 346.896pt>
File: ncert-physics/12/10/5/figs/intensity_plot.png Graphic file (type png)
<use ncert-physics/12/10/5/figs/intensity_plot.png>
Package pdftex.def Info: ncert-physics/12/10/5/figs/intensity_plot.png  used on
 input line 102.
(pdftex.def)             Requested size: 433.62001pt x 325.23007pt.
))
(C:/Users/anisu/Music/ncert-signal/ncert-physics/analog-filters.tex
(C:/Users/anisu/Music/ncert-signal/ncert-physics/12/7/21/Phy_12_7_21.tex
(C:/Users/anisu/Music/ncert-signal/ncert-physics/12/7/21/table1.tex)
(C:/Users/anisu/Music/ncert-signal/ncert-physics/12/7/21/fig1.tex)
Underfull \vbox (badness 10000) has occurred while \output is active []


Underfull \vbox (badness 10000) has occurred while \output is active []

 [17 <C:/Users/anisu/Music/ncert-signal/ncert-physics/12/10/5/figs/intensity_pl
ot.png>]
Underfull \vbox (badness 10000) has occurred while \output is active []


Underfull \vbox (badness 10000) has occurred while \output is active []

 [18]
(C:/Users/anisu/Music/ncert-signal/ncert-physics/12/7/21/fig2.tex)
Underfull \vbox (badness 10000) has occurred while \output is active []


Underfull \vbox (badness 10000) has occurred while \output is active []

 [19]
<ncert-physics/12/7/21/h_plot.png.jpg, id=301, 1606.0pt x 1237.62375pt>
File: ncert-physics/12/7/21/h_plot.png.jpg Graphic file (type jpg)
<use ncert-physics/12/7/21/h_plot.png.jpg>
Package pdftex.def Info: ncert-physics/12/7/21/h_plot.png.jpg  used on input li
ne 140.
(pdftex.def)             Requested size: 433.62001pt x 334.16289pt.


LaTeX Warning: `!h' float specifier changed to `!ht'.

))
Underfull \vbox (badness 10000) has occurred while \output is active []


Underfull \vbox (badness 10000) has occurred while \output is active []

 [20]
Underfull \vbox (badness 10000) has occurred while \output is active []


Underfull \vbox (badness 10000) has occurred while \output is active []

 [21 <C:/Users/anisu/Music/ncert-signal/ncert-physics/12/7/21/h_plot.png.jpg>]
Underfull \vbox (badness 10000) has occurred while \output is active []


Underfull \vbox (badness 10000) has occurred while \output is active []

 [22

]
Chapter 2.
(C:/Users/anisu/Music/ncert-signal/ncert-maths/z-transform.tex
(C:/Users/anisu/Music/ncert-signal/ncert-maths/11/9/5/26/main.tex
(C:/Users/anisu/Music/ncert-signal/ncert-maths/11/9/5/26/tables/ncert11.9.5.26t
ab.tex)
Underfull \hbox (badness 10000) in paragraph at lines 69--70

 []


Underfull \vbox (badness 10000) has occurred while \output is active []


Underfull \vbox (badness 10000) has occurred while \output is active []


Underfull \vbox (badness 10000) has occurred while \output is active []

 [23]
Underfull \vbox (badness 10000) has occurred while \output is active []


Underfull \vbox (badness 10000) has occurred while \output is active []


Underfull \vbox (badness 10000) has occurred while \output is active []

 [24
pdfTeX warning (ext4): destination with the same identifier (name{equation.2.1.
1}) has been already used, duplicate ignored
<argument> ...shipout:D \box_use:N \l_shipout_box 
                                                  \__shipout_drop_firstpage_...
l.98 \end{align}
                ]
Underfull \vbox (badness 10000) has occurred while \output is active []


Underfull \vbox (badness 10000) has occurred while \output is active []


Underfull \vbox (badness 10000) has occurred while \output is active []

 [25]
<ncert-maths/11/9/5/26/figs/x1_plot.png, id=384, 462.528pt x 346.896pt>
File: ncert-maths/11/9/5/26/figs/x1_plot.png Graphic file (type png)
<use ncert-maths/11/9/5/26/figs/x1_plot.png>
Package pdftex.def Info: ncert-maths/11/9/5/26/figs/x1_plot.png  used on input 
line 127.
(pdftex.def)             Requested size: 433.62001pt x 325.23007pt.
<ncert-maths/11/9/5/26/figs/x2_plot.png, id=385, 462.528pt x 346.896pt>
File: ncert-maths/11/9/5/26/figs/x2_plot.png Graphic file (type png)
<use ncert-maths/11/9/5/26/figs/x2_plot.png>
Package pdftex.def Info: ncert-maths/11/9/5/26/figs/x2_plot.png  used on input 
line 133.
(pdftex.def)             Requested size: 433.62001pt x 325.23007pt.
<ncert-maths/11/9/5/26/figs/y1_plot.png, id=386, 462.528pt x 346.896pt>
File: ncert-maths/11/9/5/26/figs/y1_plot.png Graphic file (type png)
<use ncert-maths/11/9/5/26/figs/y1_plot.png>
Package pdftex.def Info: ncert-maths/11/9/5/26/figs/y1_plot.png  used on input 
line 139.
(pdftex.def)             Requested size: 433.62001pt x 325.23007pt.
<ncert-maths/11/9/5/26/figs/y2_plot.png, id=387, 462.528pt x 346.896pt>
File: ncert-maths/11/9/5/26/figs/y2_plot.png Graphic file (type png)
<use ncert-maths/11/9/5/26/figs/y2_plot.png>
Package pdftex.def Info: ncert-maths/11/9/5/26/figs/y2_plot.png  used on input 
line 144.
(pdftex.def)             Requested size: 433.62001pt x 325.23007pt.


LaTeX Warning: `h' float specifier changed to `ht'.

)
Underfull \vbox (badness 10000) has occurred while \output is active []


Underfull \vbox (badness 10000) has occurred while \output is active []


Underfull \vbox (badness 10000) has occurred while \output is active []

 [26 <C:/Users/anisu/Music/ncert-signal/ncert-maths/11/9/5/26/figs/x1_plot.png>
]
Underfull \vbox (badness 10000) has occurred while \output is active []


Underfull \vbox (badness 10000) has occurred while \output is active []

 [27 <C:/Users/anisu/Music/ncert-signal/ncert-maths/11/9/5/26/figs/x2_plot.png>
]
Underfull \vbox (badness 10000) has occurred while \output is active []


Underfull \vbox (badness 10000) has occurred while \output is active []

 [28 <C:/Users/anisu/Music/ncert-signal/ncert-maths/11/9/5/26/figs/y1_plot.png>
]
(C:/Users/anisu/Music/ncert-signal/ncert-maths/11/9/1/12/main.tex
Underfull \vbox (badness 4913) has occurred while \output is active []


Underfull \vbox (badness 10000) has occurred while \output is active []


Underfull \vbox (badness 10000) has occurred while \output is active []

 [29 <C:/Users/anisu/Music/ncert-signal/ncert-maths/11/9/5/26/figs/y2_plot.png>
]
<ncert-maths/11/9/1/12/figs/plot.png, id=417, 462.528pt x 346.896pt>
File: ncert-maths/11/9/1/12/figs/plot.png Graphic file (type png)
<use ncert-maths/11/9/1/12/figs/plot.png>
Package pdftex.def Info: ncert-maths/11/9/1/12/figs/plot.png  used on input lin
e 87.
(pdftex.def)             Requested size: 433.62001pt x 325.23007pt.


LaTeX Warning: `h' float specifier changed to `ht'.

(C:/Users/anisu/Music/ncert-signal/ncert-maths/11/9/1/12/tables/table.tex))
Underfull \vbox (badness 10000) has occurred while \output is active []


Underfull \vbox (badness 10000) has occurred while \output is active []

 [30]
(C:/Users/anisu/Music/ncert-signal/ncert-maths/10/5/2/19/main.tex
(C:/Users/anisu/Music/ncert-signal/ncert-maths/10/5/2/19/tables/parameters.tex)

Underfull \vbox (badness 10000) has occurred while \output is active []


Underfull \vbox (badness 10000) has occurred while \output is active []


Underfull \vbox (badness 10000) has occurred while \output is active []

 [31 <C:/Users/anisu/Music/ncert-signal/ncert-maths/11/9/1/12/figs/plot.png>]
<ncert-maths/10/5/2/19/figs/10_5_2_19.png, id=453, 462.528pt x 346.896pt>
File: ncert-maths/10/5/2/19/figs/10_5_2_19.png Graphic file (type png)
<use ncert-maths/10/5/2/19/figs/10_5_2_19.png>
Package pdftex.def Info: ncert-maths/10/5/2/19/figs/10_5_2_19.png  used on inpu
t line 72.
(pdftex.def)             Requested size: 433.62001pt x 325.23007pt.

Underfull \vbox (badness 10000) has occurred while \output is active []


Underfull \vbox (badness 10000) has occurred while \output is active []


Underfull \vbox (badness 10000) has occurred while \output is active []

 [32 <C:/Users/anisu/Music/ncert-signal/ncert-maths/10/5/2/19/figs/10_5_2_19.pn
g>]))
(C:/Users/anisu/Music/ncert-signal/ncert-maths/sequences.tex
(C:/Users/anisu/Music/ncert-signal/ncert-maths/10/5/2/5/ncert_10_5_2_5.tex
(C:/Users/anisu/Music/ncert-signal/ncert-maths/10/5/2/5/tables/table1.tex)
Underfull \vbox (badness 10000) has occurred while \output is active []


Underfull \vbox (badness 10000) has occurred while \output is active []

 [33]
Underfull \vbox (badness 10000) has occurred while \output is active []


Underfull \vbox (badness 10000) has occurred while \output is active []


Underfull \vbox (badness 10000) has occurred while \output is active []

 [34]
<ncert-maths/10/5/2/5/figs/Figure_1.png, id=497, 462.528pt x 346.896pt>
File: ncert-maths/10/5/2/5/figs/Figure_1.png Graphic file (type png)
<use ncert-maths/10/5/2/5/figs/Figure_1.png>
Package pdftex.def Info: ncert-maths/10/5/2/5/figs/Figure_1.png  used on input 
line 121.
(pdftex.def)             Requested size: 433.62001pt x 325.23007pt.
<ncert-maths/10/5/2/5/figs/Figure_2.png, id=498, 462.528pt x 346.896pt>
File: ncert-maths/10/5/2/5/figs/Figure_2.png Graphic file (type png)
<use ncert-maths/10/5/2/5/figs/Figure_2.png>
Package pdftex.def Info: ncert-maths/10/5/2/5/figs/Figure_2.png  used on input 
line 129.
(pdftex.def)             Requested size: 433.62001pt x 325.23007pt.
)
Underfull \vbox (badness 10000) has occurred while \output is active []


Underfull \vbox (badness 10000) has occurred while \output is active []


Underfull \vbox (badness 10000) has occurred while \output is active []

 [35 <C:/Users/anisu/Music/ncert-signal/ncert-maths/10/5/2/5/figs/Figure_1.png>
]
(C:/Users/anisu/Music/ncert-signal/ncert-maths/10/5/2/15/asnmt2.tex
(C:/Users/anisu/Music/ncert-signal/ncert-maths/10/5/2/15/tables/table1.tex)
Underfull \vbox (badness 10000) has occurred while \output is active []


Underfull \vbox (badness 10000) has occurred while \output is active []


Underfull \vbox (badness 10000) has occurred while \output is active []

 [36 <C:/Users/anisu/Music/ncert-signal/ncert-maths/10/5/2/5/figs/Figure_2.png>
]
<ncert-maths/10/5/2/15/figs/Figure_1.png, id=515, 461.8053pt x 346.1733pt>
File: ncert-maths/10/5/2/15/figs/Figure_1.png Graphic file (type png)
<use ncert-maths/10/5/2/15/figs/Figure_1.png>
Package pdftex.def Info: ncert-maths/10/5/2/15/figs/Figure_1.png  used on input
 line 94.
(pdftex.def)             Requested size: 433.62001pt x 325.05959pt.


LaTeX Warning: `!h' float specifier changed to `!ht'.

)
Underfull \vbox (badness 10000) has occurred while \output is active []


Underfull \vbox (badness 10000) has occurred while \output is active []


Underfull \vbox (badness 10000) has occurred while \output is active []

 [37]
(C:/Users/anisu/Music/ncert-signal/ncert-maths/10/5/2/12/1.tex
Underfull \vbox (badness 10000) has occurred while \output is active []


Underfull \vbox (badness 10000) has occurred while \output is active []

 [38 <C:/Users/anisu/Music/ncert-signal/ncert-maths/10/5/2/15/figs/Figure_1.png
>]
(C:/Users/anisu/Music/ncert-signal/ncert-maths/10/5/2/12/tables/table1.tex)
<ncert-maths/10/5/2/12/figs/fig1.png, id=543, 578.16pt x 433.62pt>
File: ncert-maths/10/5/2/12/figs/fig1.png Graphic file (type png)
<use ncert-maths/10/5/2/12/figs/fig1.png>
Package pdftex.def Info: ncert-maths/10/5/2/12/figs/fig1.png  used on input lin
e 155.
(pdftex.def)             Requested size: 404.70924pt x 303.53192pt.


LaTeX Warning: `h' float specifier changed to `ht'.

) (C:/Users/anisu/Music/ncert-signal/ncert-maths/10/5/2/6/question1.tex
Underfull \vbox (badness 2591) has occurred while \output is active []


Underfull \vbox (badness 10000) has occurred while \output is active []


Underfull \vbox (badness 10000) has occurred while \output is active []

 [39]
Underfull \hbox (badness 10000) in paragraph at lines 139--141

 []


Underfull \vbox (badness 10000) has occurred while \output is active []


Underfull \vbox (badness 10000) has occurred while \output is active []

 [40 <C:/Users/anisu/Music/ncert-signal/ncert-maths/10/5/2/12/figs/fig1.png>]
(C:/Users/anisu/Music/ncert-signal/ncert-maths/10/5/2/6/tables/table1.tex)
Underfull \vbox (badness 10000) has occurred while \output is active []


Underfull \vbox (badness 10000) has occurred while \output is active []

 [41]
<ncert-maths/10/5/2/6/figs/Figure_1.png, id=574, 990.099pt x 570.933pt>
File: ncert-maths/10/5/2/6/figs/Figure_1.png Graphic file (type png)
<use ncert-maths/10/5/2/6/figs/Figure_1.png>
Package pdftex.def Info: ncert-maths/10/5/2/6/figs/Figure_1.png  used on input 
line 165.
(pdftex.def)             Requested size: 520.34268pt x 300.05792pt.

Overfull \hbox (86.72267pt too wide) in paragraph at lines 165--166
 [][] 
 []

)
Underfull \vbox (badness 10000) has occurred while \output is active []


Underfull \vbox (badness 10000) has occurred while \output is active []


Underfull \vbox (badness 10000) has occurred while \output is active []

 [42 <C:/Users/anisu/Music/ncert-signal/ncert-maths/10/5/2/6/figs/Figure_1.png>
]
(C:/Users/anisu/Music/ncert-signal/ncert-maths/11/9/1/6/file1.tex
Overfull \hbox (15.15532pt too wide) detected at line 145
[]
 []

<ncert-maths/11/9/1/6/figs/plot_from_c.png, id=584, 462.528pt x 346.896pt>
File: ncert-maths/11/9/1/6/figs/plot_from_c.png Graphic file (type png)
<use ncert-maths/11/9/1/6/figs/plot_from_c.png>
Package pdftex.def Info: ncert-maths/11/9/1/6/figs/plot_from_c.png  used on inp
ut line 149.
(pdftex.def)             Requested size: 433.62001pt x 325.23007pt.

LaTeX Warning: `h' float specifier changed to `ht'.

)
Underfull \vbox (badness 10000) has occurred while \output is active []


Underfull \vbox (badness 10000) has occurred while \output is active []


Underfull \vbox (badness 10000) has occurred while \output is active []

 [43]
(C:/Users/anisu/Music/ncert-signal/ncert-maths/10/5/2/2/c.tex
(C:/Users/anisu/Music/ncert-signal/ncert-maths/10/5/2/2/tables/table1.tex)

LaTeX Warning: `!h' float specifier changed to `!ht'.


Underfull \vbox (badness 10000) has occurred while \output is active []


Underfull \vbox (badness 10000) has occurred while \output is active []


Underfull \vbox (badness 10000) has occurred while \output is active []

 [44 <C:/Users/anisu/Music/ncert-signal/ncert-maths/11/9/1/6/figs/plot_from_c.p
ng>]
<ncert-maths/10/5/2/2/figs/plot.png, id=613, 462.528pt x 346.896pt>
File: ncert-maths/10/5/2/2/figs/plot.png Graphic file (type png)
<use ncert-maths/10/5/2/2/figs/plot.png>
Package pdftex.def Info: ncert-maths/10/5/2/2/figs/plot.png  used on input line
 93.
(pdftex.def)             Requested size: 433.62001pt x 325.23007pt.


LaTeX Warning: `!h' float specifier changed to `!ht'.

)
Underfull \vbox (badness 10000) has occurred while \output is active []


Underfull \vbox (badness 10000) has occurred while \output is active []


Underfull \vbox (badness 10000) has occurred while \output is active []

 [45]
(C:/Users/anisu/Music/ncert-signal/ncert-maths/11/9/1/4/d.tex
<ncert-maths/11/9/1/4/figs/plot.png, id=627, 462.528pt x 320.1561pt>
File: ncert-maths/11/9/1/4/figs/plot.png Graphic file (type png)
<use ncert-maths/11/9/1/4/figs/plot.png>
Package pdftex.def Info: ncert-maths/11/9/1/4/figs/plot.png  used on input line
 67.
(pdftex.def)             Requested size: 433.62001pt x 300.16025pt.


LaTeX Warning: `h' float specifier changed to `ht'.


Underfull \vbox (badness 10000) has occurred while \output is active []


Underfull \vbox (badness 10000) has occurred while \output is active []


Underfull \vbox (badness 10000) has occurred while \output is active []

 [46 <C:/Users/anisu/Music/ncert-signal/ncert-maths/10/5/2/2/figs/plot.png>])
Underfull \vbox (badness 10000) has occurred while \output is active []


Underfull \vbox (badness 10000) has occurred while \output is active []


Underfull \vbox (badness 10000) has occurred while \output is active []

 [47 <C:/Users/anisu/Music/ncert-signal/ncert-maths/11/9/1/4/figs/plot.png>]
(C:/Users/anisu/Music/ncert-signal/ncert-maths/11/9/3/6/assignment_11_9_3_6.Tex
(C:/Users/anisu/Music/ncert-signal/ncert-maths/11/9/3/6/tables/Table.Tex)
<ncert-maths/11/9/3/6/figs/graph1.png, id=644, 462.528pt x 346.896pt>
File: ncert-maths/11/9/3/6/figs/graph1.png Graphic file (type png)
<use ncert-maths/11/9/3/6/figs/graph1.png>
Package pdftex.def Info: ncert-maths/11/9/3/6/figs/graph1.png  used on input li
ne 90.
(pdftex.def)             Requested size: 476.98465pt x 357.75677pt.

Overfull \hbox (43.36464pt too wide) in paragraph at lines 90--91
 [][] 
 []

<ncert-maths/11/9/3/6/figs/graph2.png, id=645, 462.528pt x 346.896pt>
File: ncert-maths/11/9/3/6/figs/graph2.png Graphic file (type png)
<use ncert-maths/11/9/3/6/figs/graph2.png>
Package pdftex.def Info: ncert-maths/11/9/3/6/figs/graph2.png  used on input li
ne 96.
(pdftex.def)             Requested size: 476.98465pt x 357.75677pt.

Overfull \hbox (43.36464pt too wide) in paragraph at lines 96--97
 [][] 
 []

)
Underfull \vbox (badness 2103) has occurred while \output is active []


Underfull \vbox (badness 10000) has occurred while \output is active []


Underfull \vbox (badness 10000) has occurred while \output is active []

 [48]

LaTeX Warning: `h' float specifier changed to `ht'.


Underfull \vbox (badness 10000) has occurred while \output is active []


Underfull \vbox (badness 10000) has occurred while \output is active []


Underfull \vbox (badness 10000) has occurred while \output is active []

 [49 <C:/Users/anisu/Music/ncert-signal/ncert-maths/11/9/3/6/figs/graph1.png>]
(C:/Users/anisu/Music/ncert-signal/ncert-maths/11/9/3/1/main.tex
(C:/Users/anisu/Music/ncert-signal/ncert-maths/11/9/3/1/tables/table1.tex)
<ncert-maths/11/9/3/1/figs/stem_plot.png, id=667, 462.528pt x 346.896pt>
File: ncert-maths/11/9/3/1/figs/stem_plot.png Graphic file (type png)
<use ncert-maths/11/9/3/1/figs/stem_plot.png>
Package pdftex.def Info: ncert-maths/11/9/3/1/figs/stem_plot.png  used on input
 line 98.
(pdftex.def)             Requested size: 433.62001pt x 325.23007pt.
)
Underfull \vbox (badness 10000) has occurred while \output is active []


Underfull \vbox (badness 10000) has occurred while \output is active []


Underfull \vbox (badness 10000) has occurred while \output is active []

 [50 <C:/Users/anisu/Music/ncert-signal/ncert-maths/11/9/3/6/figs/graph2.png>]
(C:/Users/anisu/Music/ncert-signal/ncert-maths/11/9/3/5/main.tex
Underfull \vbox (badness 10000) has occurred while \output is active []


Underfull \vbox (badness 10000) has occurred while \output is active []


Underfull \vbox (badness 10000) has occurred while \output is active []

 [51]
<ncert-maths/11/9/3/5/figs/a.png, id=689, 462.528pt x 346.896pt>
File: ncert-maths/11/9/3/5/figs/a.png Graphic file (type png)
<use ncert-maths/11/9/3/5/figs/a.png>
Package pdftex.def Info: ncert-maths/11/9/3/5/figs/a.png  used on input line 93
.
(pdftex.def)             Requested size: 433.62001pt x 325.23007pt.


LaTeX Warning: `!h' float specifier changed to `!ht'.


Underfull \vbox (badness 10000) has occurred while \output is active []


Underfull \vbox (badness 10000) has occurred while \output is active []


Underfull \vbox (badness 10000) has occurred while \output is active []

 [52 <C:/Users/anisu/Music/ncert-signal/ncert-maths/11/9/3/1/figs/stem_plot.png
>]
<ncert-maths/11/9/3/5/figs/b.png, id=706, 462.528pt x 346.896pt>
File: ncert-maths/11/9/3/5/figs/b.png Graphic file (type png)
<use ncert-maths/11/9/3/5/figs/b.png>
Package pdftex.def Info: ncert-maths/11/9/3/5/figs/b.png  used on input line 11
1.
(pdftex.def)             Requested size: 433.62001pt x 325.23007pt.


LaTeX Warning: `!h' float specifier changed to `!ht'.


Underfull \vbox (badness 10000) has occurred while \output is active []


Underfull \vbox (badness 10000) has occurred while \output is active []


Underfull \vbox (badness 10000) has occurred while \output is active []

 [53 <C:/Users/anisu/Music/ncert-signal/ncert-maths/11/9/3/5/figs/a.png>]
<ncert-maths/11/9/3/5/figs/c.png, id=722, 462.528pt x 346.896pt>
File: ncert-maths/11/9/3/5/figs/c.png Graphic file (type png)
<use ncert-maths/11/9/3/5/figs/c.png>
Package pdftex.def Info: ncert-maths/11/9/3/5/figs/c.png  used on input line 12
7.
(pdftex.def)             Requested size: 433.62001pt x 325.23007pt.


LaTeX Warning: `!h' float specifier changed to `!ht'.

(C:/Users/anisu/Music/ncert-signal/ncert-maths/11/9/3/5/tables/table.tex))
Underfull \vbox (badness 10000) has occurred while \output is active []


Underfull \vbox (badness 10000) has occurred while \output is active []

 [54 <C:/Users/anisu/Music/ncert-signal/ncert-maths/11/9/3/5/figs/b.png>]
Underfull \vbox (badness 10000) has occurred while \output is active []


Underfull \vbox (badness 10000) has occurred while \output is active []

 [55 <C:/Users/anisu/Music/ncert-signal/ncert-maths/11/9/3/5/figs/c.png>]
(C:/Users/anisu/Music/ncert-signal/ncert-maths/11/9/3/30/main.tex
(C:/Users/anisu/Music/ncert-signal/ncert-maths/11/9/3/30/tables/parameters.tex)
<ncert-maths/11/9/3/30/figs/11_9_3_30.png, id=743, 462.528pt x 346.896pt>
File: ncert-maths/11/9/3/30/figs/11_9_3_30.png Graphic file (type png)
<use ncert-maths/11/9/3/30/figs/11_9_3_30.png>
Package pdftex.def Info: ncert-maths/11/9/3/30/figs/11_9_3_30.png  used on inpu
t line 77.
(pdftex.def)             Requested size: 433.62001pt x 325.23007pt.

LaTeX Warning: `!h' float specifier changed to `!ht'.

)
Underfull \vbox (badness 10000) has occurred while \output is active []


Underfull \vbox (badness 10000) has occurred while \output is active []


Underfull \vbox (badness 10000) has occurred while \output is active []

 [56

])
Underfull \vbox (badness 10000) has occurred while \output is active []


Underfull \vbox (badness 10000) has occurred while \output is active []

 [57 <C:/Users/anisu/Music/ncert-signal/ncert-maths/11/9/3/30/figs/11_9_3_30.pn
g>]
Underfull \vbox (badness 10000) has occurred while \output is active []


Underfull \vbox (badness 10000) has occurred while \output is active []

 [58

]
Chapter 3.
(C:/Users/anisu/Music/ncert-signal/ncert-maths/contour_integration.tex
Underfull \hbox (badness 10000) in paragraph at lines 2--3

 []

(C:/Users/anisu/Music/ncert-signal/ncert-maths/10/5/3/13/assignment12.tex
(C:/Users/anisu/Music/ncert-signal/ncert-maths/10/5/3/13/tables/TABLE1.tex
Overfull \hbox (15.02997pt too wide) in paragraph at lines 3--3
[]|\OT1/cmr/m/n/10.95 PARAMETER| 
 []


Overfull \hbox (12.42532pt too wide) in paragraph at lines 3--3
[]|\OT1/cmr/m/n/10.95 DESCRIPTION| 
 []


Underfull \hbox (badness 2762) in paragraph at lines 5--5
[]|\OT1/cmr/m/n/10.95 common dif-
 []

)
Underfull \vbox (badness 10000) has occurred while \output is active []


Underfull \vbox (badness 10000) has occurred while \output is active []


Underfull \vbox (badness 10000) has occurred while \output is active []

 [59]
Underfull \vbox (badness 10000) has occurred while \output is active []


Underfull \vbox (badness 10000) has occurred while \output is active []


Underfull \vbox (badness 10000) has occurred while \output is active []

 [60]
<ncert-maths/10/5/3/13/figs/a.png, id=788, 462.528pt x 346.896pt>
File: ncert-maths/10/5/3/13/figs/a.png Graphic file (type png)
<use ncert-maths/10/5/3/13/figs/a.png>
Package pdftex.def Info: ncert-maths/10/5/3/13/figs/a.png  used on input line 9
2.
(pdftex.def)             Requested size: 433.62001pt x 325.23007pt.
)
(C:/Users/anisu/Music/ncert-signal/ncert-maths/11/9/2/13/main.tex
Underfull \vbox (badness 10000) has occurred while \output is active []


Underfull \vbox (badness 10000) has occurred while \output is active []


Underfull \vbox (badness 10000) has occurred while \output is active []

 [61 <C:/Users/anisu/Music/ncert-signal/ncert-maths/10/5/3/13/figs/a.png>]
(C:/Users/anisu/Music/ncert-signal/ncert-maths/11/9/2/13/tables/table1.tex)
<ncert-maths/11/9/2/13/figs/Figure_1.png, id=798, 556.479pt x 581.7735pt>
File: ncert-maths/11/9/2/13/figs/Figure_1.png Graphic file (type png)
<use ncert-maths/11/9/2/13/figs/Figure_1.png>
Package pdftex.def Info: ncert-maths/11/9/2/13/figs/Figure_1.png  used on input
 line 61.
(pdftex.def)             Requested size: 433.62001pt x 453.32877pt.
))
Underfull \vbox (badness 10000) has occurred while \output is active []


Underfull \vbox (badness 10000) has occurred while \output is active []

 [62]
Underfull \vbox (badness 10000) has occurred while \output is active []


Underfull \vbox (badness 10000) has occurred while \output is active []

 [63 <C:/Users/anisu/Music/ncert-signal/ncert-maths/11/9/2/13/figs/Figure_1.png
>]
Underfull \vbox (badness 10000) has occurred while \output is active []


Underfull \vbox (badness 10000) has occurred while \output is active []

 [64]
Chapter 4.
(C:/Users/anisu/Music/ncert-signal/ncert-physics/ltransform.tex
(C:/Users/anisu/Music/ncert-signal/ncert-physics/11/14/21.tex
(C:/Users/anisu/Music/ncert-signal/ncert-physics/11/14/tables/inputpar.tex)
(C:/Users/anisu/Music/ncert-signal/ncert-physics/11/14/tables/intmdtpar.tex)
Underfull \vbox (badness 7030) has occurred while \output is active []


Underfull \vbox (badness 10000) has occurred while \output is active []


Underfull \vbox (badness 10000) has occurred while \output is active []

 [65

]
<ncert-physics/11/14/figs/11_14_21_fbd.pdf, id=837, 482.24065pt x 789.54073pt>
File: ncert-physics/11/14/figs/11_14_21_fbd.pdf Graphic file (type pdf)
<use ncert-physics/11/14/figs/11_14_21_fbd.pdf>
Package pdftex.def Info: ncert-physics/11/14/figs/11_14_21_fbd.pdf  used on inp
ut line 94.
(pdftex.def)             Requested size: 216.81pt x 354.96477pt.


LaTeX Warning: `h' float specifier changed to `ht'.


Underfull \vbox (badness 10000) has occurred while \output is active []


Underfull \vbox (badness 10000) has occurred while \output is active []


Underfull \vbox (badness 10000) has occurred while \output is active []

 [66]
Underfull \vbox (badness 10000) has occurred while \output is active []


Underfull \vbox (badness 10000) has occurred while \output is active []


Underfull \vbox (badness 10000) has occurred while \output is active []

 [67 <C:/Users/anisu/Music/ncert-signal/ncert-physics/11/14/figs/11_14_21_fbd.p
df>]
<ncert-physics/11/14/figs/11.14.21_plot.png, id=888, 462.528pt x 346.896pt>
File: ncert-physics/11/14/figs/11.14.21_plot.png Graphic file (type png)
<use ncert-physics/11/14/figs/11.14.21_plot.png>
Package pdftex.def Info: ncert-physics/11/14/figs/11.14.21_plot.png  used on in
put line 150.
(pdftex.def)             Requested size: 346.89732pt x 260.18723pt.

Underfull \vbox (badness 10000) has occurred while \output is active []


Underfull \vbox (badness 10000) has occurred while \output is active []


Underfull \vbox (badness 10000) has occurred while \output is active []

 [68])
Underfull \vbox (badness 10000) has occurred while \output is active []


Underfull \vbox (badness 10000) has occurred while \output is active []


Underfull \vbox (badness 10000) has occurred while \output is active []

 [69 <C:/Users/anisu/Music/ncert-signal/ncert-physics/11/14/figs/11.14.21_plot.
png>])
Underfull \vbox (badness 10000) has occurred while \output is active []


Underfull \vbox (badness 10000) has occurred while \output is active []

 [70

]
Appendix A.
(C:/Users/anisu/Music/ncert-signal/app/conv.tex)
Underfull \vbox (badness 10000) has occurred while \output is active []


Underfull \vbox (badness 10000) has occurred while \output is active []

 [71]
Underfull \vbox (badness 10000) has occurred while \output is active []


Underfull \vbox (badness 10000) has occurred while \output is active []

 [72

]
Appendix B.
(C:/Users/anisu/Music/ncert-signal/app/mgf.tex
Underfull \vbox (badness 10000) has occurred while \output is active []


Underfull \vbox (badness 10000) has occurred while \output is active []


Underfull \vbox (badness 10000) has occurred while \output is active []

 [73]
Underfull \vbox (badness 10000) has occurred while \output is active []


Underfull \vbox (badness 10000) has occurred while \output is active []


Underfull \vbox (badness 10000) has occurred while \output is active []

 [74]
Underfull \vbox (badness 10000) has occurred while \output is active []


Underfull \vbox (badness 10000) has occurred while \output is active []


Underfull \vbox (badness 10000) has occurred while \output is active []

 [75]
Underfull \vbox (badness 10000) has occurred while \output is active []


Underfull \vbox (badness 10000) has occurred while \output is active []


Underfull \vbox (badness 10000) has occurred while \output is active []

 [76])
Underfull \vbox (badness 10000) has occurred while \output is active []


Underfull \vbox (badness 10000) has occurred while \output is active []

 [77]
Underfull \vbox (badness 10000) has occurred while \output is active []


Underfull \vbox (badness 10000) has occurred while \output is active []

 [78

]
(C:/Users/anisu/Music/ncert-signal/main.ind)
(C:/Users/anisu/Music/ncert-signal/main.aux)
 ***********
LaTeX2e <2023-11-01>
L3 programming layer <2023-12-11>
 ***********
Package rerunfilecheck Info: File `main.out' has not changed.
(rerunfilecheck)             Checksum: 6EEAAB9B18C185FB20FA213786C8A8B9;1152.
 ) 
Here is how much of TeX's memory you used:
 56018 strings out of 474175
 1389638 string characters out of 5749699
 2171105 words of memory out of 5000000
 76834 multiletter control sequences out of 15000+600000
 574916 words of font info for 103 fonts, out of 8000000 for 9000
 1144 hyphenation exceptions out of 8191
 111i,20n,115p,717b,1233s stack positions out of 10000i,1000n,20000p,200000b,200000s
<c:/texlive/2023/texmf-dist/fonts/type1/public/amsfonts/cm/cmbx10.pfb><c:/tex
live/2023/texmf-dist/fonts/type1/public/amsfonts/cm/cmbx12.pfb><c:/texlive/2023
/texmf-dist/fonts/type1/public/amsfonts/cm/cmbx8.pfb><c:/texlive/2023/texmf-dis
t/fonts/type1/public/amsfonts/cm/cmex10.pfb><c:/texlive/2023/texmf-dist/fonts/t
ype1/public/amsfonts/cm/cmmi10.pfb><c:/texlive/2023/texmf-dist/fonts/type1/publ
ic/amsfonts/cm/cmmi6.pfb><c:/texlive/2023/texmf-dist/fonts/type1/public/amsfont
s/cm/cmmi7.pfb><c:/texlive/2023/texmf-dist/fonts/type1/public/amsfonts/cm/cmmi8
.pfb><c:/texlive/2023/texmf-dist/fonts/type1/public/amsfonts/cm/cmr10.pfb><c:/t
exlive/2023/texmf-dist/fonts/type1/public/amsfonts/cm/cmr6.pfb><c:/texlive/2023
/texmf-dist/fonts/type1/public/amsfonts/cm/cmr7.pfb><c:/texlive/2023/texmf-dist
/fonts/type1/public/amsfonts/cm/cmr8.pfb><c:/texlive/2023/texmf-dist/fonts/type
1/public/amsfonts/cm/cmssbx10.pfb><c:/texlive/2023/texmf-dist/fonts/type1/publi
c/amsfonts/cm/cmsy10.pfb><c:/texlive/2023/texmf-dist/fonts/type1/public/amsfont
s/cm/cmsy6.pfb><c:/texlive/2023/texmf-dist/fonts/type1/public/amsfonts/cm/cmsy8
.pfb><c:/texlive/2023/texmf-dist/fonts/type1/public/amsfonts/symbols/msam10.pfb
><c:/texlive/2023/texmf-dist/fonts/type1/public/amsfonts/symbols/msbm10.pfb><c:
/texlive/2023/texmf-dist/fonts/type1/public/cm-super/sfrm0800.pfb>
Output written on C:/Users/anisu/Music/ncert-signal/main.pdf (84 pages, 1826028
 bytes).
PDF statistics:
 1201 PDF objects out of 1440 (max. 8388607)
 981 compressed objects within 10 object streams
 479 named destinations out of 1000 (max. 500000)
 296 words of extra memory for PDF output out of 10000 (max. 10000000)

